line profiling: sample.interval=20000
".Call" "between" "eval" "eval" "[.data.table" "[" 
".Call" "between" "eval" "eval" "[.data.table" "[" 
"which" "[.data.table" "[" 
"[.data.table" "[" 
"[.data.table" "[" 
"[[.data.frame" "[[" "dim.data.table" "dim" "dim" "nrow" "model.frame.default" "model.frame" "pred.pa2" "eval" "eval" "[.data.table" "[" 
"^" "unique" "structure" "I" "eval" "eval" "model.frame.default" "model.frame" "pred.pa2" "eval" "eval" "[.data.table" "[" 
"^" "unique" "structure" "I" "eval" "eval" "model.frame.default" "model.frame" "pred.pa2" "eval" "eval" "[.data.table" "[" 
"^" "unique" "structure" "I" "eval" "eval" "model.frame.default" "model.frame" "pred.pa2" "eval" "eval" "[.data.table" "[" 
"^" "unique" "structure" "I" "eval" "eval" "model.frame.default" "model.frame" "pred.pa2" "eval" "eval" "[.data.table" "[" 
"^" "unique" "structure" "I" "eval" "eval" "model.frame.default" "model.frame" "pred.pa2" "eval" "eval" "[.data.table" "[" 
"^" "unique" "structure" "I" "eval" "eval" "model.frame.default" "model.frame" "pred.pa2" "eval" "eval" "[.data.table" "[" 
"^" "unique" "structure" "I" "eval" "eval" "model.frame.default" "model.frame" "pred.pa2" "eval" "eval" "[.data.table" "[" 
"^" "unique" "structure" "I" "eval" "eval" "model.frame.default" "model.frame" "pred.pa2" "eval" "eval" "[.data.table" "[" 
"^" "unique" "structure" "I" "eval" "eval" "model.frame.default" "model.frame" "pred.pa2" "eval" "eval" "[.data.table" "[" 
"^" "unique" "structure" "I" "eval" "eval" "model.frame.default" "model.frame" "pred.pa2" "eval" "eval" "[.data.table" "[" 
"NextMethod" "[.factor" "[" "model.frame.default" "model.frame" "pred.pa2" "eval" "eval" "[.data.table" "[" 
"as.character.factor" "as.character" "as.character" "factor" "[.factor" "[" "model.frame.default" "model.frame" "pred.pa2" "eval" "eval" "[.data.table" "[" 
"match" "factor" "[.factor" "[" "model.frame.default" "model.frame" "pred.pa2" "eval" "eval" "[.data.table" "[" 
"match" "factor" "[.factor" "[" "model.frame.default" "model.frame" "pred.pa2" "eval" "eval" "[.data.table" "[" 
"match" "factor" "[.factor" "[" "model.frame.default" "model.frame" "pred.pa2" "eval" "eval" "[.data.table" "[" 
"match" "factor" "[.factor" "[" "model.frame.default" "model.frame" "pred.pa2" "eval" "eval" "[.data.table" "[" 
"match" "factor" "[.factor" "[" "model.frame.default" "model.frame" "pred.pa2" "eval" "eval" "[.data.table" "[" 
"match" "factor" "[.factor" "[" "model.frame.default" "model.frame" "pred.pa2" "eval" "eval" "[.data.table" "[" 
"as.character.factor" "as.character" "as.character" "factor" "model.frame.default" "model.frame" "pred.pa2" "eval" "eval" "[.data.table" "[" 
"match" "factor" "model.frame.default" "model.frame" "pred.pa2" "eval" "eval" "[.data.table" "[" 
"match" "factor" "model.frame.default" "model.frame" "pred.pa2" "eval" "eval" "[.data.table" "[" 
"unique.default" "unique" "factor" "[.factor" "[" "model.frame.default" "model.frame" "pred.pa2" "eval" "eval" "[.data.table" "[" 
"match" "factor" "unique.default" "unique" "factor" "[.factor" "[" "model.frame.default" "model.frame" "pred.pa2" "eval" "eval" "[.data.table" "[" 
"match" "factor" "unique.default" "unique" "factor" "[.factor" "[" "model.frame.default" "model.frame" "pred.pa2" "eval" "eval" "[.data.table" "[" 
"as.character.factor" "as.character" "as.character" "factor" "[.factor" "[" "model.frame.default" "model.frame" "pred.pa2" "eval" "eval" "[.data.table" "[" 
"match" "factor" "[.factor" "[" "model.frame.default" "model.frame" "pred.pa2" "eval" "eval" "[.data.table" "[" 
"match" "factor" "[.factor" "[" "model.frame.default" "model.frame" "pred.pa2" "eval" "eval" "[.data.table" "[" 
"as.character.factor" "as.character" "as.character" "factor" "model.frame.default" "model.frame" "pred.pa2" "eval" "eval" "[.data.table" "[" 
"match" "factor" "model.frame.default" "model.frame" "pred.pa2" "eval" "eval" "[.data.table" "[" 
"factor" "model.frame.default" "model.frame" "pred.pa2" "eval" "eval" "[.data.table" "[" 
".External2" "model.matrix.default" "model.matrix" "standardGeneric" "model.matrix" "data.table" "pred.pa2" "eval" "eval" "[.data.table" "[" 
".External2" "model.matrix.default" "model.matrix" "standardGeneric" "model.matrix" "data.table" "pred.pa2" "eval" "eval" "[.data.table" "[" 
".External2" "model.matrix.default" "model.matrix" "standardGeneric" "model.matrix" "data.table" "pred.pa2" "eval" "eval" "[.data.table" "[" 
".External2" "model.matrix.default" "model.matrix" "standardGeneric" "model.matrix" "data.table" "pred.pa2" "eval" "eval" "[.data.table" "[" 
".External2" "model.matrix.default" "model.matrix" "standardGeneric" "model.matrix" "data.table" "pred.pa2" "eval" "eval" "[.data.table" "[" 
".External2" "model.matrix.default" "model.matrix" "standardGeneric" "model.matrix" "data.table" "pred.pa2" "eval" "eval" "[.data.table" "[" 
".External2" "model.matrix.default" "model.matrix" "standardGeneric" "model.matrix" "data.table" "pred.pa2" "eval" "eval" "[.data.table" "[" 
".External2" "model.matrix.default" "model.matrix" "standardGeneric" "model.matrix" "data.table" "pred.pa2" "eval" "eval" "[.data.table" "[" 
".External2" "model.matrix.default" "model.matrix" "standardGeneric" "model.matrix" "data.table" "pred.pa2" "eval" "eval" "[.data.table" "[" 
".External2" "model.matrix.default" "model.matrix" "standardGeneric" "model.matrix" "data.table" "pred.pa2" "eval" "eval" "[.data.table" "[" 
".External2" "model.matrix.default" "model.matrix" "standardGeneric" "model.matrix" "data.table" "pred.pa2" "eval" "eval" "[.data.table" "[" 
".External2" "model.matrix.default" "model.matrix" "standardGeneric" "model.matrix" "data.table" "pred.pa2" "eval" "eval" "[.data.table" "[" 
".External2" "model.matrix.default" "model.matrix" "standardGeneric" "model.matrix" "data.table" "pred.pa2" "eval" "eval" "[.data.table" "[" 
".External2" "model.matrix.default" "model.matrix" "standardGeneric" "model.matrix" "data.table" "pred.pa2" "eval" "eval" "[.data.table" "[" 
".External2" "model.matrix.default" "model.matrix" "standardGeneric" "model.matrix" "data.table" "pred.pa2" "eval" "eval" "[.data.table" "[" 
".External2" "model.matrix.default" "model.matrix" "standardGeneric" "model.matrix" "data.table" "pred.pa2" "eval" "eval" "[.data.table" "[" 
".External2" "model.matrix.default" "model.matrix" "standardGeneric" "model.matrix" "data.table" "pred.pa2" "eval" "eval" "[.data.table" "[" 
".External2" "model.matrix.default" "model.matrix" "standardGeneric" "model.matrix" "data.table" "pred.pa2" "eval" "eval" "[.data.table" "[" 
".External2" "model.matrix.default" "model.matrix" "standardGeneric" "model.matrix" "data.table" "pred.pa2" "eval" "eval" "[.data.table" "[" 
".External2" "model.matrix.default" "model.matrix" "standardGeneric" "model.matrix" "data.table" "pred.pa2" "eval" "eval" "[.data.table" "[" 
".External2" "model.matrix.default" "model.matrix" "standardGeneric" "model.matrix" "data.table" "pred.pa2" "eval" "eval" "[.data.table" "[" 
".External2" "model.matrix.default" "model.matrix" "standardGeneric" "model.matrix" "data.table" "pred.pa2" "eval" "eval" "[.data.table" "[" 
".External2" "model.matrix.default" "model.matrix" "standardGeneric" "model.matrix" "data.table" "pred.pa2" "eval" "eval" "[.data.table" "[" 
".External2" "model.matrix.default" "model.matrix" "standardGeneric" "model.matrix" "data.table" "pred.pa2" "eval" "eval" "[.data.table" "[" 
".External2" "model.matrix.default" "model.matrix" "standardGeneric" "model.matrix" "data.table" "pred.pa2" "eval" "eval" "[.data.table" "[" 
".External2" "model.matrix.default" "model.matrix" "standardGeneric" "model.matrix" "data.table" "pred.pa2" "eval" "eval" "[.data.table" "[" 
".External2" "model.matrix.default" "model.matrix" "standardGeneric" "model.matrix" "data.table" "pred.pa2" "eval" "eval" "[.data.table" "[" 
".External2" "model.matrix.default" "model.matrix" "standardGeneric" "model.matrix" "data.table" "pred.pa2" "eval" "eval" "[.data.table" "[" 
".External2" "model.matrix.default" "model.matrix" "standardGeneric" "model.matrix" "data.table" "pred.pa2" "eval" "eval" "[.data.table" "[" 
".External2" "model.matrix.default" "model.matrix" "standardGeneric" "model.matrix" "data.table" "pred.pa2" "eval" "eval" "[.data.table" "[" 
".External2" "model.matrix.default" "model.matrix" "standardGeneric" "model.matrix" "data.table" "pred.pa2" "eval" "eval" "[.data.table" "[" 
".External2" "model.matrix.default" "model.matrix" "standardGeneric" "model.matrix" "data.table" "pred.pa2" "eval" "eval" "[.data.table" "[" 
".External2" "model.matrix.default" "model.matrix" "standardGeneric" "model.matrix" "data.table" "pred.pa2" "eval" "eval" "[.data.table" "[" 
".External2" "model.matrix.default" "model.matrix" "standardGeneric" "model.matrix" "data.table" "pred.pa2" "eval" "eval" "[.data.table" "[" 
".External2" "model.matrix.default" "model.matrix" "standardGeneric" "model.matrix" "data.table" "pred.pa2" "eval" "eval" "[.data.table" "[" 
".External2" "model.matrix.default" "model.matrix" "standardGeneric" "model.matrix" "data.table" "pred.pa2" "eval" "eval" "[.data.table" "[" 
"data.table" "pred.pa2" "eval" "eval" "[.data.table" "[" 
"data.table" "pred.pa2" "eval" "eval" "[.data.table" "[" 
"data.table" "pred.pa2" "eval" "eval" "[.data.table" "[" 
"data.table" "pred.pa2" "eval" "eval" "[.data.table" "[" 
"data.table" "pred.pa2" "eval" "eval" "[.data.table" "[" 
"as.list" "data.frame" "data.table" "pred.pa2" "eval" "eval" "[.data.table" "[" 
"as.list" "data.frame" "data.table" "pred.pa2" "eval" "eval" "[.data.table" "[" 
"as.list" "data.frame" "data.table" "pred.pa2" "eval" "eval" "[.data.table" "[" 
"as.list" "data.frame" "data.table" "pred.pa2" "eval" "eval" "[.data.table" "[" 
"as.list" "data.frame" "data.table" "pred.pa2" "eval" "eval" "[.data.table" "[" 
"as.list" "data.frame" "data.table" "pred.pa2" "eval" "eval" "[.data.table" "[" 
"as.list" "data.frame" "data.table" "pred.pa2" "eval" "eval" "[.data.table" "[" 
"as.list" "data.frame" "data.table" "pred.pa2" "eval" "eval" "[.data.table" "[" 
"as.list" "data.frame" "data.table" "pred.pa2" "eval" "eval" "[.data.table" "[" 
"as.list" "data.frame" "data.table" "pred.pa2" "eval" "eval" "[.data.table" "[" 
"as.vector" "as.data.table.matrix" "as.data.table" "data.table" "pred.pa2" "eval" "eval" "[.data.table" "[" 
"as.vector" "as.data.table.matrix" "as.data.table" "data.table" "pred.pa2" "eval" "eval" "[.data.table" "[" 
"as.vector" "as.data.table.matrix" "as.data.table" "data.table" "pred.pa2" "eval" "eval" "[.data.table" "[" 
"as.vector" "as.data.table.matrix" "as.data.table" "data.table" "pred.pa2" "eval" "eval" "[.data.table" "[" 
"as.vector" "as.data.table.matrix" "as.data.table" "data.table" "pred.pa2" "eval" "eval" "[.data.table" "[" 
"as.vector" "as.data.table.matrix" "as.data.table" "data.table" "pred.pa2" "eval" "eval" "[.data.table" "[" 
"as.vector" "as.data.table.matrix" "as.data.table" "data.table" "pred.pa2" "eval" "eval" "[.data.table" "[" 
"as.vector" "as.data.table.matrix" "as.data.table" "data.table" "pred.pa2" "eval" "eval" "[.data.table" "[" 
"as.vector" "as.data.table.matrix" "as.data.table" "data.table" "pred.pa2" "eval" "eval" "[.data.table" "[" 
"as.vector" "as.data.table.matrix" "as.data.table" "data.table" "pred.pa2" "eval" "eval" "[.data.table" "[" 
"as.vector" "as.data.table.matrix" "as.data.table" "data.table" "pred.pa2" "eval" "eval" "[.data.table" "[" 
"as.vector" "as.data.table.matrix" "as.data.table" "data.table" "pred.pa2" "eval" "eval" "[.data.table" "[" 
"as.vector" "as.data.table.matrix" "as.data.table" "data.table" "pred.pa2" "eval" "eval" "[.data.table" "[" 
"as.vector" "as.data.table.matrix" "as.data.table" "data.table" "pred.pa2" "eval" "eval" "[.data.table" "[" 
"as.vector" "as.data.table.matrix" "as.data.table" "data.table" "pred.pa2" "eval" "eval" "[.data.table" "[" 
"as.vector" "as.data.table.matrix" "as.data.table" "data.table" "pred.pa2" "eval" "eval" "[.data.table" "[" 
"as.vector" "as.data.table.matrix" "as.data.table" "data.table" "pred.pa2" "eval" "eval" "[.data.table" "[" 
"as.vector" "as.data.table.matrix" "as.data.table" "data.table" "pred.pa2" "eval" "eval" "[.data.table" "[" 
"as.vector" "as.data.table.matrix" "as.data.table" "data.table" "pred.pa2" "eval" "eval" "[.data.table" "[" 
"as.vector" "as.data.table.matrix" "as.data.table" "data.table" "pred.pa2" "eval" "eval" "[.data.table" "[" 
"as.vector" "as.data.table.matrix" "as.data.table" "data.table" "pred.pa2" "eval" "eval" "[.data.table" "[" 
"as.vector" "as.data.table.matrix" "as.data.table" "data.table" "pred.pa2" "eval" "eval" "[.data.table" "[" 
"as.vector" "as.data.table.matrix" "as.data.table" "data.table" "pred.pa2" "eval" "eval" "[.data.table" "[" 
"as.vector" "as.data.table.matrix" "as.data.table" "data.table" "pred.pa2" "eval" "eval" "[.data.table" "[" 
"as.vector" "as.data.table.matrix" "as.data.table" "data.table" "pred.pa2" "eval" "eval" "[.data.table" "[" 
"as.vector" "as.data.table.matrix" "as.data.table" "data.table" "pred.pa2" "eval" "eval" "[.data.table" "[" 
"as.vector" "as.data.table.matrix" "as.data.table" "data.table" "pred.pa2" "eval" "eval" "[.data.table" "[" 
"as.vector" "as.data.table.matrix" "as.data.table" "data.table" "pred.pa2" "eval" "eval" "[.data.table" "[" 
"as.vector" "as.data.table.matrix" "as.data.table" "data.table" "pred.pa2" "eval" "eval" "[.data.table" "[" 
"as.vector" "as.data.table.matrix" "as.data.table" "data.table" "pred.pa2" "eval" "eval" "[.data.table" "[" 
"as.vector" "as.data.table.matrix" "as.data.table" "data.table" "pred.pa2" "eval" "eval" "[.data.table" "[" 
"as.vector" "as.data.table.matrix" "as.data.table" "data.table" "pred.pa2" "eval" "eval" "[.data.table" "[" 
"as.vector" "as.data.table.matrix" "as.data.table" "data.table" "pred.pa2" "eval" "eval" "[.data.table" "[" 
"as.vector" "as.data.table.matrix" "as.data.table" "data.table" "pred.pa2" "eval" "eval" "[.data.table" "[" 
"as.vector" "as.data.table.matrix" "as.data.table" "data.table" "pred.pa2" "eval" "eval" "[.data.table" "[" 
"as.vector" "as.data.table.matrix" "as.data.table" "data.table" "pred.pa2" "eval" "eval" "[.data.table" "[" 
"as.vector" "as.data.table.matrix" "as.data.table" "data.table" "pred.pa2" "eval" "eval" "[.data.table" "[" 
"as.vector" "as.data.table.matrix" "as.data.table" "data.table" "pred.pa2" "eval" "eval" "[.data.table" "[" 
"as.vector" "as.data.table.matrix" "as.data.table" "data.table" "pred.pa2" "eval" "eval" "[.data.table" "[" 
"as.vector" "as.data.table.matrix" "as.data.table" "data.table" "pred.pa2" "eval" "eval" "[.data.table" "[" 
"as.vector" "as.data.table.matrix" "as.data.table" "data.table" "pred.pa2" "eval" "eval" "[.data.table" "[" 
"as.vector" "as.data.table.matrix" "as.data.table" "data.table" "pred.pa2" "eval" "eval" "[.data.table" "[" 
"as.vector" "as.data.table.matrix" "as.data.table" "data.table" "pred.pa2" "eval" "eval" "[.data.table" "[" 
"as.vector" "as.data.table.matrix" "as.data.table" "data.table" "pred.pa2" "eval" "eval" "[.data.table" "[" 
"as.vector" "as.data.table.matrix" "as.data.table" "data.table" "pred.pa2" "eval" "eval" "[.data.table" "[" 
"as.vector" "as.data.table.matrix" "as.data.table" "data.table" "pred.pa2" "eval" "eval" "[.data.table" "[" 
"as.vector" "as.data.table.matrix" "as.data.table" "data.table" "pred.pa2" "eval" "eval" "[.data.table" "[" 
"as.vector" "as.data.table.matrix" "as.data.table" "data.table" "pred.pa2" "eval" "eval" "[.data.table" "[" 
"as.vector" "as.data.table.matrix" "as.data.table" "data.table" "pred.pa2" "eval" "eval" "[.data.table" "[" 
"as.vector" "as.data.table.matrix" "as.data.table" "data.table" "pred.pa2" "eval" "eval" "[.data.table" "[" 
"as.vector" "as.data.table.matrix" "as.data.table" "data.table" "pred.pa2" "eval" "eval" "[.data.table" "[" 
"as.vector" "as.data.table.matrix" "as.data.table" "data.table" "pred.pa2" "eval" "eval" "[.data.table" "[" 
"as.vector" "as.data.table.matrix" "as.data.table" "data.table" "pred.pa2" "eval" "eval" "[.data.table" "[" 
"as.vector" "as.data.table.matrix" "as.data.table" "data.table" "pred.pa2" "eval" "eval" "[.data.table" "[" 
"as.vector" "as.data.table.matrix" "as.data.table" "data.table" "pred.pa2" "eval" "eval" "[.data.table" "[" 
"as.vector" "as.data.table.matrix" "as.data.table" "data.table" "pred.pa2" "eval" "eval" "[.data.table" "[" 
"as.vector" "as.data.table.matrix" "as.data.table" "data.table" "pred.pa2" "eval" "eval" "[.data.table" "[" 
"as.vector" "as.data.table.matrix" "as.data.table" "data.table" "pred.pa2" "eval" "eval" "[.data.table" "[" 
"as.vector" "as.data.table.matrix" "as.data.table" "data.table" "pred.pa2" "eval" "eval" "[.data.table" "[" 
"as.vector" "as.data.table.matrix" "as.data.table" "data.table" "pred.pa2" "eval" "eval" "[.data.table" "[" 
"as.vector" "as.data.table.matrix" "as.data.table" "data.table" "pred.pa2" "eval" "eval" "[.data.table" "[" 
"as.vector" "as.data.table.matrix" "as.data.table" "data.table" "pred.pa2" "eval" "eval" "[.data.table" "[" 
"as.vector" "as.data.table.matrix" "as.data.table" "data.table" "pred.pa2" "eval" "eval" "[.data.table" "[" 
"as.vector" "as.data.table.matrix" "as.data.table" "data.table" "pred.pa2" "eval" "eval" "[.data.table" "[" 
"as.vector" "as.data.table.matrix" "as.data.table" "data.table" "pred.pa2" "eval" "eval" "[.data.table" "[" 
"as.vector" "as.data.table.matrix" "as.data.table" "data.table" "pred.pa2" "eval" "eval" "[.data.table" "[" 
"as.vector" "as.data.table.matrix" "as.data.table" "data.table" "pred.pa2" "eval" "eval" "[.data.table" "[" 
"as.vector" "as.data.table.matrix" "as.data.table" "data.table" "pred.pa2" "eval" "eval" "[.data.table" "[" 
"as.vector" "as.data.table.matrix" "as.data.table" "data.table" "pred.pa2" "eval" "eval" "[.data.table" "[" 
"as.vector" "as.data.table.matrix" "as.data.table" "data.table" "pred.pa2" "eval" "eval" "[.data.table" "[" 
"as.vector" "as.data.table.matrix" "as.data.table" "data.table" "pred.pa2" "eval" "eval" "[.data.table" "[" 
"as.vector" "as.data.table.matrix" "as.data.table" "data.table" "pred.pa2" "eval" "eval" "[.data.table" "[" 
"as.vector" "as.data.table.matrix" "as.data.table" "data.table" "pred.pa2" "eval" "eval" "[.data.table" "[" 
"as.vector" "as.data.table.matrix" "as.data.table" "data.table" "pred.pa2" "eval" "eval" "[.data.table" "[" 
"as.vector" "as.data.table.matrix" "as.data.table" "data.table" "pred.pa2" "eval" "eval" "[.data.table" "[" 
"as.vector" "as.data.table.matrix" "as.data.table" "data.table" "pred.pa2" "eval" "eval" "[.data.table" "[" 
"as.vector" "as.data.table.matrix" "as.data.table" "data.table" "pred.pa2" "eval" "eval" "[.data.table" "[" 
"as.vector" "as.data.table.matrix" "as.data.table" "data.table" "pred.pa2" "eval" "eval" "[.data.table" "[" 
"as.vector" "as.data.table.matrix" "as.data.table" "data.table" "pred.pa2" "eval" "eval" "[.data.table" "[" 
"as.vector" "as.data.table.matrix" "as.data.table" "data.table" "pred.pa2" "eval" "eval" "[.data.table" "[" 
"as.vector" "as.data.table.matrix" "as.data.table" "data.table" "pred.pa2" "eval" "eval" "[.data.table" "[" 
"as.vector" "as.data.table.matrix" "as.data.table" "data.table" "pred.pa2" "eval" "eval" "[.data.table" "[" 
"as.vector" "as.data.table.matrix" "as.data.table" "data.table" "pred.pa2" "eval" "eval" "[.data.table" "[" 
"as.vector" "as.data.table.matrix" "as.data.table" "data.table" "pred.pa2" "eval" "eval" "[.data.table" "[" 
"as.vector" "as.data.table.matrix" "as.data.table" "data.table" "pred.pa2" "eval" "eval" "[.data.table" "[" 
"as.vector" "as.data.table.matrix" "as.data.table" "data.table" "pred.pa2" "eval" "eval" "[.data.table" "[" 
"as.vector" "as.data.table.matrix" "as.data.table" "data.table" "pred.pa2" "eval" "eval" "[.data.table" "[" 
"match" "%in%" "[[.data.frame" "[[" "setattr" "alloc.col" "as.data.table.matrix" "as.data.table" "data.table" "pred.pa2" "eval" "eval" "[.data.table" "[" 
"match" "%in%" "[[.data.frame" "[[" "setattr" "alloc.col" "as.data.table.matrix" "as.data.table" "data.table" "pred.pa2" "eval" "eval" "[.data.table" "[" 
"match" "%in%" "[[.data.frame" "[[" "setattr" "alloc.col" "as.data.table.matrix" "as.data.table" "data.table" "pred.pa2" "eval" "eval" "[.data.table" "[" 
"copy" "as.data.table.data.frame" "as.data.table" "Ops.data.table" "set" "pred.pa2" "eval" "eval" "[.data.table" "[" 
"copy" "as.data.table.data.frame" "as.data.table" "Ops.data.table" "set" "pred.pa2" "eval" "eval" "[.data.table" "[" 
"copy" "as.data.table.data.frame" "as.data.table" "Ops.data.table" "set" "pred.pa2" "eval" "eval" "[.data.table" "[" 
"copy" "as.data.table.data.frame" "as.data.table" "Ops.data.table" "set" "pred.pa2" "eval" "eval" "[.data.table" "[" 
"[[.data.frame" "[[" "is.data.table" "setattr" "alloc.col" "as.data.table.data.frame" "as.data.table" "Ops.data.table" "set" "pred.pa2" "eval" "eval" "[.data.table" "[" 
"unique" ".resetclass" "setattr" "as.data.table.data.frame" "as.data.table" "Ops.data.table" "set" "pred.pa2" "eval" "eval" "[.data.table" "[" 
"unique" ".resetclass" "setattr" "as.data.table.data.frame" "as.data.table" "Ops.data.table" "set" "pred.pa2" "eval" "eval" "[.data.table" "[" 
"unique" ".resetclass" "setattr" "as.data.table.data.frame" "as.data.table" "Ops.data.table" "set" "pred.pa2" "eval" "eval" "[.data.table" "[" 
"unique" ".resetclass" "setattr" "as.data.table.data.frame" "as.data.table" "Ops.data.table" "set" "pred.pa2" "eval" "eval" "[.data.table" "[" 
"unique" ".resetclass" "setattr" "as.data.table.data.frame" "as.data.table" "Ops.data.table" "set" "pred.pa2" "eval" "eval" "[.data.table" "[" 
"unique" ".resetclass" "setattr" "as.data.table.data.frame" "as.data.table" "Ops.data.table" "set" "pred.pa2" "eval" "eval" "[.data.table" "[" 
"unique" ".resetclass" "setattr" "as.data.table.data.frame" "as.data.table" "Ops.data.table" "set" "pred.pa2" "eval" "eval" "[.data.table" "[" 
"unique" ".resetclass" "setattr" "as.data.table.data.frame" "as.data.table" "Ops.data.table" "set" "pred.pa2" "eval" "eval" "[.data.table" "[" 
"FUN" "eval" "eval" "Ops.data.frame" "NextMethod" "Ops.data.table" "set" "pred.pa2" "eval" "eval" "[.data.table" "[" 
"copy" "[.data.table" "[" "set" "pred.pa2" "eval" "eval" "[.data.table" "[" 
"copy" "[.data.table" "[" "set" "pred.pa2" "eval" "eval" "[.data.table" "[" 
"baseenv" "eval" "alloc.col" "[.data.table" "[" "set" "pred.pa2" "eval" "eval" "[.data.table" "[" 
"FUN" "eval" "eval" "Ops.data.frame" "NextMethod" "Ops.data.table" "set" "pred.pa2" "eval" "eval" "[.data.table" "[" 
"FUN" "eval" "eval" "Ops.data.frame" "NextMethod" "Ops.data.table" "set" "pred.pa2" "eval" "eval" "[.data.table" "[" 
"FUN" "eval" "eval" "Ops.data.frame" "NextMethod" "Ops.data.table" "set" "pred.pa2" "eval" "eval" "[.data.table" "[" 
"c" ".set_row_names" "as.data.frame.numeric" "as.data.frame" "data.frame" "eval" "eval" "as.data.frame.list" "as.data.frame" "data.frame" "Ops.data.frame" "NextMethod" "Ops.data.table" "set" "pred.pa2" "eval" "eval" "[.data.table" "[" 
"copy" "as.data.table.data.frame" "as.data.table" "Ops.data.table" "set" "pred.pa2" "eval" "eval" "[.data.table" "[" 
"copy" "as.data.table.data.frame" "as.data.table" "Ops.data.table" "set" "pred.pa2" "eval" "eval" "[.data.table" "[" 
"copy" "as.data.table.data.frame" "as.data.table" "Ops.data.table" "set" "pred.pa2" "eval" "eval" "[.data.table" "[" 
"copy" "as.data.table.data.frame" "as.data.table" "Ops.data.table" "set" "pred.pa2" "eval" "eval" "[.data.table" "[" 
"FUN" "eval" "eval" "Ops.data.frame" "NextMethod" "Ops.data.table" "set" "pred.pa2" "eval" "eval" "[.data.table" "[" 
"FUN" "eval" "eval" "Ops.data.frame" "NextMethod" "Ops.data.table" "set" "pred.pa2" "eval" "eval" "[.data.table" "[" 
"FUN" "eval" "eval" "Ops.data.frame" "NextMethod" "Ops.data.table" "set" "pred.pa2" "eval" "eval" "[.data.table" "[" 
"FUN" "eval" "eval" "Ops.data.frame" "NextMethod" "Ops.data.table" "set" "pred.pa2" "eval" "eval" "[.data.table" "[" 
"FUN" "eval" "eval" "Ops.data.frame" "NextMethod" "Ops.data.table" "set" "pred.pa2" "eval" "eval" "[.data.table" "[" 
"copy" "as.data.table.data.frame" "as.data.table" "Ops.data.table" "set" "pred.pa2" "eval" "eval" "[.data.table" "[" 
"copy" "as.data.table.data.frame" "as.data.table" "Ops.data.table" "set" "pred.pa2" "eval" "eval" "[.data.table" "[" 
"copy" "as.data.table.data.frame" "as.data.table" "Ops.data.table" "set" "pred.pa2" "eval" "eval" "[.data.table" "[" 
"set" "pred.pa2" "eval" "eval" "[.data.table" "[" 
"set" "pred.pa2" "eval" "eval" "[.data.table" "[" 
"set" "pred.pa2" "eval" "eval" "[.data.table" "[" 
"f" "Reduce" "eval" "eval" "[.data.table" "[" "pred.pa2" "eval" "eval" "[.data.table" "[" 
"f" "Reduce" "eval" "eval" "[.data.table" "[" "pred.pa2" "eval" "eval" "[.data.table" "[" 
"f" "Reduce" "eval" "eval" "[.data.table" "[" "pred.pa2" "eval" "eval" "[.data.table" "[" 
"f" "Reduce" "eval" "eval" "[.data.table" "[" "pred.pa2" "eval" "eval" "[.data.table" "[" 
"f" "Reduce" "eval" "eval" "[.data.table" "[" "pred.pa2" "eval" "eval" "[.data.table" "[" 
"f" "Reduce" "eval" "eval" "[.data.table" "[" "pred.pa2" "eval" "eval" "[.data.table" "[" 
"f" "Reduce" "eval" "eval" "[.data.table" "[" "pred.pa2" "eval" "eval" "[.data.table" "[" 
"[.data.table" "[" "pred.pa2" "eval" "eval" "[.data.table" "[" 
"plogis" "eval" "eval" "[.data.table" "[" "pred.pa2" "eval" "eval" "[.data.table" "[" 
"plogis" "eval" "eval" "[.data.table" "[" "pred.pa2" "eval" "eval" "[.data.table" "[" 
"plogis" "eval" "eval" "[.data.table" "[" "pred.pa2" "eval" "eval" "[.data.table" "[" 
"plogis" "eval" "eval" "[.data.table" "[" "pred.pa2" "eval" "eval" "[.data.table" "[" 
"plogis" "eval" "eval" "[.data.table" "[" "pred.pa2" "eval" "eval" "[.data.table" "[" 
"plogis" "eval" "eval" "[.data.table" "[" "pred.pa2" "eval" "eval" "[.data.table" "[" 
"plogis" "eval" "eval" "[.data.table" "[" "pred.pa2" "eval" "eval" "[.data.table" "[" 
"plogis" "eval" "eval" "[.data.table" "[" "pred.pa2" "eval" "eval" "[.data.table" "[" 
"plogis" "eval" "eval" "[.data.table" "[" "pred.pa2" "eval" "eval" "[.data.table" "[" 
"plogis" "eval" "eval" "[.data.table" "[" "pred.pa2" "eval" "eval" "[.data.table" "[" 
"plogis" "eval" "eval" "[.data.table" "[" "pred.pa2" "eval" "eval" "[.data.table" "[" 
"-" "plogis" "eval" "eval" "[.data.table" "[" "pred.pa2" "eval" "eval" "[.data.table" "[" 
"plogis" "eval" "eval" "[.data.table" "[" "pred.pa2" "eval" "eval" "[.data.table" "[" 
"plogis" "eval" "eval" "[.data.table" "[" "pred.pa2" "eval" "eval" "[.data.table" "[" 
"plogis" "eval" "eval" "[.data.table" "[" "pred.pa2" "eval" "eval" "[.data.table" "[" 
"plogis" "eval" "eval" "[.data.table" "[" "pred.pa2" "eval" "eval" "[.data.table" "[" 
"plogis" "eval" "eval" "[.data.table" "[" "pred.pa2" "eval" "eval" "[.data.table" "[" 
"plogis" "eval" "eval" "[.data.table" "[" "pred.pa2" "eval" "eval" "[.data.table" "[" 
"plogis" "eval" "eval" "[.data.table" "[" "pred.pa2" "eval" "eval" "[.data.table" "[" 
"plogis" "eval" "eval" "[.data.table" "[" "pred.pa2" "eval" "eval" "[.data.table" "[" 
"plogis" "eval" "eval" "[.data.table" "[" "pred.pa2" "eval" "eval" "[.data.table" "[" 
"plogis" "eval" "eval" "[.data.table" "[" "pred.pa2" "eval" "eval" "[.data.table" "[" 
"-" "plogis" "eval" "eval" "[.data.table" "[" "pred.pa2" "eval" "eval" "[.data.table" "[" 
"plogis" "eval" "eval" "[.data.table" "[" "pred.pa2" "eval" "eval" "[.data.table" "[" 
"plogis" "eval" "eval" "[.data.table" "[" "pred.pa2" "eval" "eval" "[.data.table" "[" 
"plogis" "eval" "eval" "[.data.table" "[" "pred.pa2" "eval" "eval" "[.data.table" "[" 
"plogis" "eval" "eval" "[.data.table" "[" "pred.pa2" "eval" "eval" "[.data.table" "[" 
"plogis" "eval" "eval" "[.data.table" "[" "pred.pa2" "eval" "eval" "[.data.table" "[" 
"-" "plogis" "eval" "eval" "[.data.table" "[" "pred.pa2" "eval" "eval" "[.data.table" "[" 
"plogis" "eval" "eval" "[.data.table" "[" "pred.pa2" "eval" "eval" "[.data.table" "[" 
"plogis" "eval" "eval" "[.data.table" "[" "pred.pa2" "eval" "eval" "[.data.table" "[" 
"plogis" "eval" "eval" "[.data.table" "[" "pred.pa2" "eval" "eval" "[.data.table" "[" 
"plogis" "eval" "eval" "[.data.table" "[" "pred.pa2" "eval" "eval" "[.data.table" "[" 
"plogis" "eval" "eval" "[.data.table" "[" "pred.pa2" "eval" "eval" "[.data.table" "[" 
"plogis" "eval" "eval" "[.data.table" "[" "pred.pa2" "eval" "eval" "[.data.table" "[" 
"plogis" "eval" "eval" "[.data.table" "[" "pred.pa2" "eval" "eval" "[.data.table" "[" 
"plogis" "eval" "eval" "[.data.table" "[" "pred.pa2" "eval" "eval" "[.data.table" "[" 
"plogis" "eval" "eval" "[.data.table" "[" "pred.pa2" "eval" "eval" "[.data.table" "[" 
"plogis" "eval" "eval" "[.data.table" "[" "pred.pa2" "eval" "eval" "[.data.table" "[" 
"plogis" "eval" "eval" "[.data.table" "[" "pred.pa2" "eval" "eval" "[.data.table" "[" 
"is.data.table" "setattr" "alloc.col" "setDT" "[.data.table" "[" "pred.pa2" "eval" "eval" "[.data.table" "[" 
"is.data.table" "setattr" "alloc.col" "setDT" "[.data.table" "[" "pred.pa2" "eval" "eval" "[.data.table" "[" 
"is.data.table" "setattr" "alloc.col" "setDT" "[.data.table" "[" "pred.pa2" "eval" "eval" "[.data.table" "[" 
"is.data.table" "setattr" "alloc.col" "setDT" "[.data.table" "[" "pred.pa2" "eval" "eval" "[.data.table" "[" 
"is.data.table" "setattr" "alloc.col" "setDT" "[.data.table" "[" "pred.pa2" "eval" "eval" "[.data.table" "[" 
"is.data.table" "setattr" "alloc.col" "setDT" "[.data.table" "[" "pred.pa2" "eval" "eval" "[.data.table" "[" 
"is.data.table" "setattr" "alloc.col" "setDT" "[.data.table" "[" "pred.pa2" "eval" "eval" "[.data.table" "[" 
"is.data.table" "setattr" "alloc.col" "setDT" "[.data.table" "[" "pred.pa2" "eval" "eval" "[.data.table" "[" 
"is.data.table" "setattr" "alloc.col" "setDT" "[.data.table" "[" "pred.pa2" "eval" "eval" "[.data.table" "[" 
#File 1: ./initialisation.R
"runif" 1#75 "dice" "set" "pred.pa2" "eval" "eval" "[.data.table" "[" 
"runif" 1#75 "dice" "set" "pred.pa2" "eval" "eval" "[.data.table" "[" 
"runif" 1#75 "dice" "set" "pred.pa2" "eval" "eval" "[.data.table" "[" 
"runif" 1#75 "dice" "set" "pred.pa2" "eval" "eval" "[.data.table" "[" 
"runif" 1#75 "dice" "set" "pred.pa2" "eval" "eval" "[.data.table" "[" 
"runif" 1#75 "dice" "set" "pred.pa2" "eval" "eval" "[.data.table" "[" 
"runif" 1#75 "dice" "set" "pred.pa2" "eval" "eval" "[.data.table" "[" 
"runif" 1#75 "dice" "set" "pred.pa2" "eval" "eval" "[.data.table" "[" 
"unlist" "simplify2array" "sapply" "match" "%in%" "[.data.table" "[" "set" "pred.pa2" "eval" "eval" "[.data.table" "[" 
"eval" "address" "match" "%in%" "[.data.table" "[" "set" "pred.pa2" "eval" "eval" "[.data.table" "[" 
"set" "pred.pa2" "eval" "eval" "[.data.table" "[" 
"f" "Reduce" "eval" "eval" "[.data.table" "[" "set" "pred.pa2" "eval" "eval" "[.data.table" "[" 
"f" "Reduce" "eval" "eval" "[.data.table" "[" "set" "pred.pa2" "eval" "eval" "[.data.table" "[" 
"f" "Reduce" "eval" "eval" "[.data.table" "[" "set" "pred.pa2" "eval" "eval" "[.data.table" "[" 
"f" "Reduce" "eval" "eval" "[.data.table" "[" "set" "pred.pa2" "eval" "eval" "[.data.table" "[" 
"f" "Reduce" "eval" "eval" "[.data.table" "[" "pred.pa2" "eval" "eval" "[.data.table" "[" 
"f" "Reduce" "eval" "eval" "[.data.table" "[" "pred.pa2" "eval" "eval" "[.data.table" "[" 
"f" "Reduce" "eval" "eval" "[.data.table" "[" "pred.pa2" "eval" "eval" "[.data.table" "[" 
"f" "Reduce" "eval" "eval" "[.data.table" "[" "pred.pa2" "eval" "eval" "[.data.table" "[" 
"names" "match" "%in%" "[[.data.frame" "[[" "setattr" "alloc.col" "[.data.table" "[" "head.data.table" "head" "rbind" "print.data.table" "print" "standardGeneric" "print" 
"print.default" "print" "print.data.table" "print" "standardGeneric" "print" 
