sample.interval=20000
"between" "eval" "eval" "[.data.table" "[" 
"which" "[.data.table" "[" 
"NextMethod" "unique" "structure" "I" "[.AsIs" "[" "[.data.frame" "[" "na.omit.data.frame" "na.omit" ".External2" "model.frame.default" "model.frame" "predict.svyglm" "predict" "data.frame" "pred.sbp" ".Call" "[.data.table" "[" 
"%*%" "is.data.frame" "rowSums" "predict.svyglm" "predict" "data.frame" "pred.sbp" ".Call" "[.data.table" "[" 
".External2" "model.matrix.default" "model.matrix" "predict.svyglm" "predict" "data.frame" "pred.sbp" ".Call" "[.data.table" "[" 
"deparse" "paste" "FUN" "lapply" "sapply" "match" "model.matrix.default" "model.matrix" "predict.svyglm" "predict" "data.frame" "pred.sbp" ".Call" "[.data.table" "[" 
"rowSums" "predict.svyglm" "predict" "data.frame" "pred.sbp" ".Call" "[.data.table" "[" 
".External2" "model.matrix.default" "model.matrix" "predict.svyglm" "predict" "data.frame" "pred.sbp" ".Call" "[.data.table" "[" 
".Call" "rtruncnorm" "pred.sbp" ".Call" "[.data.table" "[" 
"%*%" "is.data.frame" "rowSums" "predict.svyglm" "predict" "data.frame" "pred.sbp" ".Call" "[.data.table" "[" 
".Call" "rtruncnorm" "pred.sbp" ".Call" "[.data.table" "[" 
"NextMethod" "unique" "structure" "I" "[.AsIs" "[" "[.data.frame" "[" "na.omit.data.frame" "na.omit" ".External2" "model.frame.default" "model.frame" "predict.svyglm" "predict" "data.frame" "pred.sbp" ".Call" "[.data.table" "[" 
"data.frame" "predict.svyglm" "predict" "data.frame" "pred.sbp" ".Call" "[.data.table" "[" 
"[.data.frame" "[" "na.omit.data.frame" "na.omit" ".External2" "model.frame.default" "model.frame" "predict.svyglm" "predict" "data.frame" "pred.sbp" ".Call" "[.data.table" "[" 
"%*%" "is.data.frame" "rowSums" "predict.svyglm" "predict" "data.frame" "pred.sbp" ".Call" "[.data.table" "[" 
"!" "[.data.frame" "[" "na.omit.data.frame" "na.omit" ".External2" "model.frame.default" "model.frame" "predict.svyglm" "predict" "data.frame" "pred.sbp" ".Call" "[.data.table" "[" 
"pmatch" ".deparseOpts" "deparse" "mode" "match" "%in%" "deparse" "paste" "force" "as.data.frame.factor" "as.data.frame" "data.frame" "predict.svyglm" "predict" "data.frame" "pred.sbp" ".Call" "[.data.table" "[" 
"%*%" "is.data.frame" "rowSums" "predict.svyglm" "predict" "data.frame" "pred.sbp" ".Call" "[.data.table" "[" 
"c" "unique" "structure" "I" "eval" "eval" "model.frame.default" "model.frame" "predict.svyglm" "predict" "data.frame" "pred.sbp" ".Call" "[.data.table" "[" 
"%*%" "is.data.frame" "rowSums" "predict.svyglm" "predict" "data.frame" "pred.sbp" ".Call" "[.data.table" "[" 
".External2" "model.matrix.default" "model.matrix" "predict.svyglm" "predict" "data.frame" "pred.sbp" ".Call" "[.data.table" "[" 
"predict.svyglm" "predict" "data.frame" "pred.sbp" ".Call" "[.data.table" "[" 
"aperm" "sweep" "scale.default" "scale" ".Call" "[.data.table" "[" 
".External2" "model.matrix.default" "model.matrix" "predict.svyglm" "predict" "data.frame" "pred.sbp" ".Call" "[.data.table" "[" 
"data.frame" "pred.sbp" ".Call" "[.data.table" "[" 
"match" "%in%" "deparse" "mode" "match" "%in%" "deparse" "paste" "force" "as.data.frame.numeric" "as.data.frame" "data.frame" "predict.svyglm" "predict" "data.frame" "pred.sbp" ".Call" "[.data.table" "[" 
".Call" "rtruncnorm" "pred.sbp" ".Call" "[.data.table" "[" 
"model.matrix.default" "model.matrix" "predict.svyglm" "predict" "data.frame" "pred.sbp" ".Call" "[.data.table" "[" 
"structure" "I" "[.AsIs" "[" "[.data.frame" "[" "na.omit.data.frame" "na.omit" ".External2" "model.frame.default" "model.frame" "predict.svyglm" "predict" "data.frame" "pred.sbp" ".Call" "[.data.table" "[" 
"%*%" "is.data.frame" "rowSums" "predict.svyglm" "predict" "data.frame" "pred.sbp" ".Call" "[.data.table" "[" 
".Call" "rtruncnorm" "pred.sbp" ".Call" "[.data.table" "[" 
"rowSums" "predict.svyglm" "predict" "data.frame" "pred.sbp" ".Call" "[.data.table" "[" 
".External2" "model.matrix.default" "model.matrix" "predict.svyglm" "predict" "data.frame" "pred.sbp" ".Call" "[.data.table" "[" 
".Call" "rtruncnorm" "pred.sbp" ".Call" "[.data.table" "[" 
".Call" "rtruncnorm" "pred.sbp" ".Call" "[.data.table" "[" 
"na.omit.data.frame" "na.omit" ".External2" "model.frame.default" "model.frame" "predict.svyglm" "predict" "data.frame" "pred.sbp" ".Call" "[.data.table" "[" 
"NextMethod" "unique" "structure" "I" "[.AsIs" "[" "[.data.frame" "[" "na.omit.data.frame" "na.omit" ".External2" "model.frame.default" "model.frame" "predict.svyglm" "predict" "data.frame" "pred.sbp" ".Call" "[.data.table" "[" 
"levels" "[.factor" "[" "[.data.frame" "[" "na.omit.data.frame" "na.omit" ".External2" "model.frame.default" "model.frame" "predict.svyglm" "predict" "data.frame" "pred.sbp" ".Call" "[.data.table" "[" 
".External2" "model.matrix.default" "model.matrix" "predict.svyglm" "predict" "data.frame" "pred.sbp" ".Call" "[.data.table" "[" 
"data.frame" "as.data.frame.svystat" "as.data.frame" "data.frame" "pred.sbp" ".Call" "[.data.table" "[" 
".External2" "model.matrix.default" "model.matrix" "predict.svyglm" "predict" "data.frame" "pred.sbp" ".Call" "[.data.table" "[" 
".External2" "model.matrix.default" "model.matrix" "predict.svyglm" "predict" "data.frame" "pred.sbp" ".Call" "[.data.table" "[" 
"data.frame" "as.data.frame.svystat" "as.data.frame" "data.frame" "pred.sbp" ".Call" "[.data.table" "[" 
".Call" "rtruncnorm" "pred.sbp" ".Call" "[.data.table" "[" 
"%*%" "is.data.frame" "rowSums" "predict.svyglm" "predict" "data.frame" "pred.sbp" ".Call" "[.data.table" "[" 
"unique.default" "unique" "simplify2array" "sapply" "model.frame.default" "model.frame" "predict.svyglm" "predict" "data.frame" "pred.sbp" ".Call" "[.data.table" "[" 
"%*%" "is.data.frame" "rowSums" "predict.svyglm" "predict" "data.frame" "pred.sbp" ".Call" "[.data.table" "[" 
".External2" "model.matrix.default" "model.matrix" "predict.svyglm" "predict" "data.frame" "pred.sbp" ".Call" "[.data.table" "[" 
".External2" "model.matrix.default" "model.matrix" "predict.svyglm" "predict" "data.frame" "pred.sbp" ".Call" "[.data.table" "[" 
"data.frame" "pred.sbp" ".Call" "[.data.table" "[" 
"data.frame" "as.data.frame.svystat" "as.data.frame" "data.frame" "pred.sbp" ".Call" "[.data.table" "[" 
".Call" "rtruncnorm" "pred.sbp" ".Call" "[.data.table" "[" 
".Call" "rtruncnorm" "pred.sbp" ".Call" "[.data.table" "[" 
"structure" "I" "[.AsIs" "[" "[.data.frame" "[" "na.omit.data.frame" "na.omit" ".External2" "model.frame.default" "model.frame" "predict.svyglm" "predict" "data.frame" "pred.sbp" ".Call" "[.data.table" "[" 
"anyDuplicated.default" "anyDuplicated" "data.row.names" "data.frame" "as.data.frame.svystat" "as.data.frame" "data.frame" "pred.sbp" ".Call" "[.data.table" "[" 
"data.frame" "as.data.frame.svystat" "as.data.frame" "data.frame" "pred.sbp" ".Call" "[.data.table" "[" 
"%*%" "is.data.frame" "rowSums" "predict.svyglm" "predict" "data.frame" "pred.sbp" ".Call" "[.data.table" "[" 
"%*%" "is.data.frame" "rowSums" "predict.svyglm" "predict" "data.frame" "pred.sbp" ".Call" "[.data.table" "[" 
"NextMethod" "unique" "structure" "I" "[.AsIs" "[" "[.data.frame" "[" "na.omit.data.frame" "na.omit" ".External2" "model.frame.default" "model.frame" "predict.svyglm" "predict" "data.frame" "pred.sbp" ".Call" "[.data.table" "[" 
"%*%" "is.data.frame" "rowSums" "predict.svyglm" "predict" "data.frame" "pred.sbp" ".Call" "[.data.table" "[" 
".External2" "model.matrix.default" "model.matrix" "predict.svyglm" "predict" "data.frame" "pred.sbp" ".Call" "[.data.table" "[" 
"%in%" "structure" "I" "eval" "eval" "model.frame.default" "model.frame" "predict.svyglm" "predict" "data.frame" "pred.sbp" ".Call" "[.data.table" "[" 
"%*%" "is.data.frame" "rowSums" "predict.svyglm" "predict" "data.frame" "pred.sbp" ".Call" "[.data.table" "[" 
".External2" "model.matrix.default" "model.matrix" "predict.svyglm" "predict" "data.frame" "pred.sbp" ".Call" "[.data.table" "[" 
"unlist" "data.frame" "as.data.frame.svystat" "as.data.frame" "data.frame" "pred.sbp" ".Call" "[.data.table" "[" 
"as.vector" "as.data.frame.matrix" "as.data.frame" "data.frame" "as.data.frame.svystat" "as.data.frame" "data.frame" "pred.sbp" ".Call" "[.data.table" "[" 
"paste0" "make.poly" "ctrfn" "contrasts" ".External2" "model.matrix.default" "model.matrix" "predict.svyglm" "predict" "data.frame" "pred.sbp" ".Call" "[.data.table" "[" 
"deparse" "paste" "FUN" "lapply" "sapply" "model.frame.default" "model.frame" "predict.svyglm" "predict" "data.frame" "pred.sbp" ".Call" "[.data.table" "[" 
"[.data.frame" "[" "na.omit.data.frame" "na.omit" ".External2" "model.frame.default" "model.frame" "predict.svyglm" "predict" "data.frame" "pred.sbp" ".Call" "[.data.table" "[" 
"anyDuplicated.default" "anyDuplicated" "[.data.frame" "[" "na.omit.data.frame" "na.omit" ".External2" "model.frame.default" "model.frame" "predict.svyglm" "predict" "data.frame" "pred.sbp" ".Call" "[.data.table" "[" 
".External2" "model.matrix.default" "model.matrix" "predict.svyglm" "predict" "data.frame" "pred.sbp" ".Call" "[.data.table" "[" 
".Call" "rtruncnorm" "pred.sbp" ".Call" "[.data.table" "[" 
"NextMethod" "unique" "structure" "I" "[.AsIs" "[" "[.data.frame" "[" "na.omit.data.frame" "na.omit" ".External2" "model.frame.default" "model.frame" "predict.svyglm" "predict" "data.frame" "pred.sbp" ".Call" "[.data.table" "[" 
"na.omit.data.frame" "na.omit" ".External2" "model.frame.default" "model.frame" "predict.svyglm" "predict" "data.frame" "pred.sbp" ".Call" "[.data.table" "[" 
".Call" "rtruncnorm" "pred.sbp" ".Call" "[.data.table" "[" 
"pred.sbp" ".Call" "[.data.table" "[" 
".Call" "rtruncnorm" "pred.sbp" ".Call" "[.data.table" "[" 
".External2" "model.matrix.default" "model.matrix" "predict.svyglm" "predict" "data.frame" "pred.sbp" ".Call" "[.data.table" "[" 
".External2" "model.matrix.default" "model.matrix" "predict.svyglm" "predict" "data.frame" "pred.sbp" ".Call" "[.data.table" "[" 
"%*%" "is.data.frame" "rowSums" "predict.svyglm" "predict" "data.frame" "pred.sbp" ".Call" "[.data.table" "[" 
".External2" "model.matrix.default" "model.matrix" "predict.svyglm" "predict" "data.frame" "pred.sbp" ".Call" "[.data.table" "[" 
".Call" "rtruncnorm" "pred.sbp" ".Call" "[.data.table" "[" 
".External2" "model.matrix.default" "model.matrix" "predict.svyglm" "predict" "data.frame" "pred.sbp" ".Call" "[.data.table" "[" 
"print" 
"print" 
"print" 
"print" 
"print" 
"print" 
"ls" "apropos" "normalCompletions" "<Anonymous>" "<Anonymous>" 
"ls" "apropos" "normalCompletions" "<Anonymous>" "<Anonymous>" 
"ls" "loadedNamespaces" "match" "%in%" "find.package" "index.search" "help" "<Anonymous>" 
"readRDS" "FUN" "lapply" "find.package" "index.search" "help" "<Anonymous>" 
"%in%" "structure" ".POSIXct" "file.info" "find.package" "index.search" "help" "<Anonymous>" 
"list.files" "find.package" "index.search" "help" "<Anonymous>" 
"doTryCatch" "tryCatchOne" "tryCatchList" "tryCatch" "ls" "loadedNamespaces" "match" "%in%" "find.package" "index.search" "help" "<Anonymous>" 
"readRDS" "index.search" "help" "<Anonymous>" 
"readRDS" "index.search" "help" "<Anonymous>" 
"get" ":::" "prepare_Rd" "Rd2HTML" "<Anonymous>" "<Anonymous>" 
"psub" "addParaBreaks" "writeLines" "writeLinesUTF8" "of1" "writeBlock" "writeContent" "writeSection" "Rd2HTML" "<Anonymous>" "<Anonymous>" 
"unlist" "unique" "simplify2array" "sapply" "RdTags" "get_link" "writeLink" "writeBlock" "writeContent" "writeWrapped" "writeBlock" "writeContent" "writeSection" "Rd2HTML" "<Anonymous>" "<Anonymous>" 
"ls" "apropos" "normalCompletions" "<Anonymous>" "<Anonymous>" 
"ls" "apropos" "normalCompletions" "<Anonymous>" "<Anonymous>" 
"file.path" "file.exists" "find.package" "index.search" "help" "<Anonymous>" 
"list.files" "find.package" "index.search" "help" "<Anonymous>" 
"list.files" "find.package" "index.search" "help" "<Anonymous>" 
"readRDS" "FUN" "lapply" "find.package" "index.search" "help" "<Anonymous>" 
"list.files" "find.package" "index.search" "help" "<Anonymous>" 
"close.connection" "close" "readRDS" "FUN" "lapply" "find.package" "index.search" "help" "<Anonymous>" 
"readRDS" "FUN" "lapply" "find.package" "index.search" "help" "<Anonymous>" 
"list.files" "find.package" "index.search" "help" "<Anonymous>" 
"close" "readRDS" "index.search" "help" "<Anonymous>" 
"gzfile" "readRDS" "<Anonymous>" "<Anonymous>" 
"file.info" "file_test" "Rd2HTML" "<Anonymous>" "<Anonymous>" 
"lazyLoadDBfetch" "fetch" "fun" "lazyLoadDBexec" "<Anonymous>" "<Anonymous>" "prepare_Rd" "Rd2HTML" "<Anonymous>" "<Anonymous>" 
"get_link" "writeLink" "writeBlock" "writeContent" "writeWrapped" "writeBlock" "writeContent" "writeContent" "writeSection" "Rd2HTML" "<Anonymous>" "<Anonymous>" 
"grepl" "ifelse" "urlify" "paste0" "writeLink" "writeBlock" "writeContent" "writeWrapped" "writeBlock" "writeContent" "writeSection" "Rd2HTML" "<Anonymous>" "<Anonymous>" 
"FUN" "lapply" "find.package" "index.search" "help" "<Anonymous>" 
"list.files" "find.package" "index.search" "help" "<Anonymous>" 
"match" "structure" ".POSIXct" "file.info" "find.package" "index.search" "help" "<Anonymous>" 
"ls" "loadedNamespaces" "match" "%in%" "find.package" "index.search" "help" "<Anonymous>" 
"list.files" "find.package" "index.search" "help" "<Anonymous>" 
"gzfile" "readRDS" "index.search" "help" "<Anonymous>" 
"gzfile" "readRDS" "index.search" "help" "<Anonymous>" 
"writeBlock" "writeContent" "Rd2HTML" "<Anonymous>" "<Anonymous>" 
"structure" "grep" "isBlankRd" "writeWrapped" "writeBlock" "writeContent" "writeSection" "Rd2HTML" "<Anonymous>" "<Anonymous>" 
"readRDS" "FUN" "lapply" "find.package" "index.search" "help" "<Anonymous>" 
"file.exists" "FUN" "lapply" "find.package" "index.search" "help" "<Anonymous>" 
"list.files" "find.package" "index.search" "help" "<Anonymous>" 
"close.connection" "close" "readRDS" "FUN" "lapply" "find.package" "index.search" "help" "<Anonymous>" 
"file.info" "find.package" "index.search" "help" "<Anonymous>" 
"c" "structure" ".POSIXct" "file.info" "find.package" "index.search" "help" "<Anonymous>" 
"readRDS" "index.search" "help" "<Anonymous>" 
"readRDS" "<Anonymous>" "<Anonymous>" 
"unlink" "<Anonymous>" "<Anonymous>" 
"close.connection" "close" "readRDS" "FUN" "lapply" "find.package" "index.search" "help" "<Anonymous>" 
"ls" "loadedNamespaces" "match" "%in%" "find.package" "index.search" "help" "<Anonymous>" 
"file.path" "FUN" "lapply" "find.package" "index.search" "help" "<Anonymous>" 
"list.files" "find.package" "index.search" "help" "<Anonymous>" 
"file.exists" "FUN" "lapply" "find.package" "index.search" "help" "<Anonymous>" 
"close" "readRDS" "index.search" "help" "<Anonymous>" 
"file.exists" "find.package" "index.search" "help" "<Anonymous>" 
"list.files" "find.package" "index.search" "help" "<Anonymous>" 
"ls" "loadedNamespaces" "match" "%in%" "find.package" "index.search" "help" "<Anonymous>" 
"gzfile" "readRDS" "FUN" "lapply" "find.package" "index.search" "help" "<Anonymous>" 
"readRDS" "FUN" "lapply" "find.package" "index.search" "help" "<Anonymous>" 
"gzfile" "readRDS" "index.search" "help" "<Anonymous>" 
"readRDS" "index.search" "help" "<Anonymous>" 
"lazyLoadDBfetch" "get" "doTryCatch" "tryCatchOne" "tryCatchList" "tryCatch" "<Anonymous>" 
"readRDS" "FUN" "lapply" "find.package" "index.search" "help" "<Anonymous>" 
"list.files" "find.package" "index.search" "help" "<Anonymous>" 
"ls" "loadedNamespaces" "match" "%in%" "find.package" "index.search" "help" "<Anonymous>" 
"find.package" "index.search" "help" "<Anonymous>" 
"list.files" "find.package" "index.search" "help" "<Anonymous>" 
"ls" "loadedNamespaces" "match" "%in%" "find.package" "index.search" "help" "<Anonymous>" 
"list.files" "find.package" "index.search" "help" "<Anonymous>" 
"close" "readRDS" "index.search" "help" "<Anonymous>" 
"close" "readRDS" "index.search" "help" "<Anonymous>" 
"psub" "htmlify" "isBlankLineRd" "addParaBreaks" "writeLines" "writeLinesUTF8" "of1" "writeBlock" "writeContent" "writeContent" "writeSection" "Rd2HTML" "<Anonymous>" "<Anonymous>" 
"grepl" "find.package" "index.search" "help" "<Anonymous>" 
"structure" ".POSIXct" "file.info" "find.package" "index.search" "help" "<Anonymous>" 
"structure" ".POSIXct" "file.info" "find.package" "index.search" "help" "<Anonymous>" 
"ls" "loadedNamespaces" "match" "%in%" "find.package" "index.search" "help" "<Anonymous>" 
"character" "find.package" "index.search" "help" "<Anonymous>" 
"$" "FUN" "lapply" "find.package" "index.search" "help" "<Anonymous>" 
"close.connection" "close" "readRDS" "index.search" "help" "<Anonymous>" 
"readRDS" "index.search" "help" "<Anonymous>" 
"fsub" "htmlify" "isBlankLineRd" "addParaBreaks" "writeLines" "writeLinesUTF8" "of1" "writeBlock" "writeContent" "writeContent" "writeSection" "Rd2HTML" "<Anonymous>" "<Anonymous>" 
"ls" "loadedNamespaces" "match" "%in%" "find.package" "index.search" "help" "<Anonymous>" 
"list.files" "find.package" "index.search" "help" "<Anonymous>" 
"tryCatchOne" "tryCatchList" "tryCatch" "ls" "loadedNamespaces" "match" "%in%" "find.package" "index.search" "help" "<Anonymous>" 
"list.files" "find.package" "index.search" "help" "<Anonymous>" 
"close.connection" "close" "readRDS" "FUN" "lapply" "find.package" "index.search" "help" "<Anonymous>" 
"structure" ".POSIXct" "file.info" "find.package" "index.search" "help" "<Anonymous>" 
"list.files" "find.package" "index.search" "help" "<Anonymous>" 
"file.exists" "index.search" "help" "<Anonymous>" 
"grepl" "ifelse" "urlify" "paste0" "writeLink" "writeBlock" "writeContent" "writeWrapped" "writeBlock" "writeContent" "writeContent" "writeSection" "Rd2HTML" "<Anonymous>" "<Anonymous>" 
"close" "Rd2HTML" "<Anonymous>" "<Anonymous>" 
"file.info" "find.package" "index.search" "help" "<Anonymous>" 
"file.exists" "FUN" "lapply" "find.package" "index.search" "help" "<Anonymous>" 
"file.info" "find.package" "index.search" "help" "<Anonymous>" 
"ls" "loadedNamespaces" "match" "%in%" "find.package" "index.search" "help" "<Anonymous>" 
"file.exists" "FUN" "lapply" "find.package" "index.search" "help" "<Anonymous>" 
"file.info" "find.package" "index.search" "help" "<Anonymous>" 
"gzfile" "readRDS" "index.search" "help" "<Anonymous>" 
"paste" "strwrap" "flushBuffer" "blankLine" "Rd2txt" "tryCatchList" "tryCatch" ".Rd_get_text" ".Rd_get_title" "gsub" ".Rd_format_title" "strwrap" "Rd2HTML" "<Anonymous>" "<Anonymous>" 
"fsub" "htmlify" "isBlankLineRd" "addParaBreaks" "writeLines" "writeLinesUTF8" "of1" "writeBlock" "writeContent" "writeSection" "Rd2HTML" "<Anonymous>" "<Anonymous>" 
"list.files" "find.package" "index.search" "help" "<Anonymous>" 
"list.files" "find.package" "index.search" "help" "<Anonymous>" 
"$" "FUN" "lapply" "find.package" "index.search" "help" "<Anonymous>" 
"ls" "loadedNamespaces" "match" "%in%" "find.package" "index.search" "help" "<Anonymous>" 
"close.connection" "close" "readRDS" "FUN" "lapply" "find.package" "index.search" "help" "<Anonymous>" 
"close.connection" "close" "readRDS" "index.search" "help" "<Anonymous>" 
"file.info" "file_test" "Rd2HTML" "<Anonymous>" "<Anonymous>" 
"fsub" "htmlify" "isBlankLineRd" "addParaBreaks" "writeLines" "writeLinesUTF8" "of1" "writeBlock" "writeContent" "writeSection" "Rd2HTML" "<Anonymous>" "<Anonymous>" 
"file.exists" "find.package" "index.search" "help" "<Anonymous>" 
"close.connection" "close" "readRDS" "FUN" "lapply" "find.package" "index.search" "help" "<Anonymous>" 
"$" "FUN" "lapply" "find.package" "index.search" "help" "<Anonymous>" 
"list.files" "find.package" "index.search" "help" "<Anonymous>" 
"list.files" "find.package" "index.search" "help" "<Anonymous>" 
"gzfile" "readRDS" "index.search" "help" "<Anonymous>" 
"aperm" "apply" "setDynamicFlags" "prepare_Rd" "Rd2HTML" "<Anonymous>" "<Anonymous>" 
"psub" "addParaBreaks" "writeLines" "writeLinesUTF8" "of1" "writeBlock" "writeContent" "writeSection" "Rd2HTML" "<Anonymous>" "<Anonymous>" 
"aperm" "apply" "find.package" "index.search" "help" "<Anonymous>" 
"list.files" "find.package" "index.search" "help" "<Anonymous>" 
"gzfile" "readRDS" "FUN" "lapply" "find.package" "index.search" "help" "<Anonymous>" 
"readRDS" "index.search" "help" "<Anonymous>" 
"readRDS" "index.search" "help" "<Anonymous>" 
"gzfile" "readRDS" "index.search" "help" "<Anonymous>" 
"Rd2HTML" "<Anonymous>" "<Anonymous>" 
"match" "%in%" "writeBlock" "writeContent" "writeSection" "Rd2HTML" "<Anonymous>" "<Anonymous>" 
"psub" "htmlify" "isBlankLineRd" "addParaBreaks" "writeLines" "writeLinesUTF8" "of1" "writeBlock" "writeContent" "writeSection" "Rd2HTML" "<Anonymous>" "<Anonymous>" 
"match.fun" "lapply" "sapply" "RdTags" "writeContent" "writeWrapped" "writeBlock" "writeContent" "writeSection" "Rd2HTML" "<Anonymous>" "<Anonymous>" 
"psub" "htmlify" "isBlankLineRd" "addParaBreaks" "writeLines" "writeLinesUTF8" "of1" "writeBlock" "writeContent" "writeSection" "Rd2HTML" "<Anonymous>" "<Anonymous>" 
"grep" "isBlankRd" "writeContent" "writeBlock" "writeContent" "writeSection" "Rd2HTML" "<Anonymous>" "<Anonymous>" 
"psub" "htmlify" "isBlankLineRd" "addParaBreaks" "writeLines" "writeLinesUTF8" "of1" "writeBlock" "writeContent" "writeBlock" "writeContent" "writeSection" "Rd2HTML" "<Anonymous>" "<Anonymous>" 
"grep" "isBlankRd" "writeWrapped" "writeBlock" "writeContent" "writeSection" "Rd2HTML" "<Anonymous>" "<Anonymous>" 
"grep" "isBlankLineRd" "addParaBreaks" "writeLines" "writeLinesUTF8" "of1" "writeBlock" "writeContent" "writeSection" "Rd2HTML" "<Anonymous>" "<Anonymous>" 
"psub" "htmlify" "isBlankLineRd" "addParaBreaks" "writeLines" "writeLinesUTF8" "of1" "writeBlock" "writeContent" "writeSection" "Rd2HTML" "<Anonymous>" "<Anonymous>" 
"[" "isBlankLineRd" "addParaBreaks" "writeLines" "writeLinesUTF8" "of1" "writeBlock" "writeContent" "writeSection" "Rd2HTML" "<Anonymous>" "<Anonymous>" 
"grepl" "addParaBreaks" "writeLines" "writeLinesUTF8" "of1" "writeBlock" "writeContent" "writeSection" "Rd2HTML" "<Anonymous>" "<Anonymous>" 
"psub" "htmlify" "isBlankLineRd" "addParaBreaks" "writeLines" "writeLinesUTF8" "of1" "writeBlock" "writeContent" "writeSection" "Rd2HTML" "<Anonymous>" "<Anonymous>" 
"fsub" "htmlify" "isBlankLineRd" "addParaBreaks" "writeLines" "writeLinesUTF8" "of1" "writeBlock" "writeContent" "writeSection" "Rd2HTML" "<Anonymous>" "<Anonymous>" 
"paste0" "FUN" "vapply" "urlify" "paste0" "writeLink" "writeBlock" "writeContent" "writeWrapped" "writeBlock" "writeContent" "writeSection" "Rd2HTML" "<Anonymous>" "<Anonymous>" 
"gzfile" "readRDS" "FUN" "lapply" "find.package" "index.search" "help" "<Anonymous>" 
"file.exists" "FUN" "lapply" "find.package" "index.search" "help" "<Anonymous>" 
"gzfile" "readRDS" "FUN" "lapply" "find.package" "index.search" "help" "<Anonymous>" 
"list.files" "find.package" "index.search" "help" "<Anonymous>" 
"gzfile" "readRDS" "FUN" "lapply" "find.package" "index.search" "help" "<Anonymous>" 
"gzfile" "readRDS" "FUN" "lapply" "find.package" "index.search" "help" "<Anonymous>" 
"list.files" "find.package" "index.search" "help" "<Anonymous>" 
"gzfile" "readRDS" "index.search" "help" "<Anonymous>" 
"gzfile" "readRDS" "<Anonymous>" "<Anonymous>" 
"dirname" "Rd2HTML" "<Anonymous>" "<Anonymous>" 
"psub" "htmlify" "writeLines" "writeLinesUTF8" "of1" "Rd2HTML" "<Anonymous>" "<Anonymous>" 
"grep" "isBlankLineRd" "addParaBreaks" "writeLines" "writeLinesUTF8" "of1" "writeBlock" "writeContent" "writeSection" "Rd2HTML" "<Anonymous>" "<Anonymous>" 
"psub" "vhtmlify" "writeLines" "writeLinesUTF8" "of1" "writeBlock" "writeContent" "writeBlock" "writeContent" "writeSection" "Rd2HTML" "<Anonymous>" "<Anonymous>" 
"of1" "writeBlock" "writeContent" "writeSection" "Rd2HTML" "<Anonymous>" "<Anonymous>" 
"gzfile" "readRDS" "FUN" "lapply" "find.package" "index.search" "help" "<Anonymous>" 
"aperm" "apply" "find.package" "index.search" "help" "<Anonymous>" 
"file.exists" "find.package" "index.search" "help" "<Anonymous>" 
"ls" "loadedNamespaces" "match" "%in%" "find.package" "index.search" "help" "<Anonymous>" 
"list.files" "find.package" "index.search" "help" "<Anonymous>" 
"gzfile" "readRDS" "index.search" "help" "<Anonymous>" 
"file.exists" "index.search" "help" "<Anonymous>" 
"paste0" "writeLines" "writeLinesUTF8" "of0" "Rd2HTML" "<Anonymous>" "<Anonymous>" 
"grep" "isBlankRd" "writeWrapped" "writeBlock" "writeContent" "writeContent" "writeSection" "Rd2HTML" "<Anonymous>" "<Anonymous>" 
"psub" "addParaBreaks" "writeLines" "writeLinesUTF8" "of1" "writeBlock" "writeContent" "writeSection" "Rd2HTML" "<Anonymous>" "<Anonymous>" 
"close.connection" "close" "readRDS" "FUN" "lapply" "find.package" "index.search" "help" "<Anonymous>" 
"list.files" "find.package" "index.search" "help" "<Anonymous>" 
"aperm" "apply" "find.package" "index.search" "help" "<Anonymous>" 
"grepl" "find.package" "index.search" "help" "<Anonymous>" 
"readRDS" "FUN" "lapply" "find.package" "index.search" "help" "<Anonymous>" 
"readRDS" "index.search" "help" "<Anonymous>" 
"read.dcf" "doTryCatch" "tryCatchOne" "tryCatchList" "tryCatch" ".read_description" "Rd2HTML" "<Anonymous>" "<Anonymous>" 
"match" "%in%" "writeBlock" "writeContent" "writeSection" "Rd2HTML" "<Anonymous>" "<Anonymous>" 
"psub" "htmlify" "isBlankLineRd" "addParaBreaks" "writeLines" "writeLinesUTF8" "of1" "writeBlock" "writeContent" "writeSection" "Rd2HTML" "<Anonymous>" "<Anonymous>" 
"writeLines" "writeLinesUTF8" "of1" "writeBlock" "writeContent" "writeSection" "Rd2HTML" "<Anonymous>" "<Anonymous>" 
"gzfile" "readRDS" "FUN" "lapply" "find.package" "index.search" "help" "<Anonymous>" 
"list.files" "find.package" "index.search" "help" "<Anonymous>" 
"apply" "find.package" "index.search" "help" "<Anonymous>" 
"file.info" "find.package" "index.search" "help" "<Anonymous>" 
"gzfile" "readRDS" "index.search" "help" "<Anonymous>" 
"getFromFrame" "<Anonymous>" "lazyLoadDBfetch" "fetch" "fun" "lazyLoadDBexec" "<Anonymous>" "<Anonymous>" "prepare_Rd" "Rd2HTML" "<Anonymous>" "<Anonymous>" 
"grep" "isBlankLineRd" "addParaBreaks" "writeLines" "writeLinesUTF8" "of1" "writeBlock" "writeContent" "writeContent" "writeSection" "Rd2HTML" "<Anonymous>" "<Anonymous>" 
"grep" "isBlankLineRd" "addParaBreaks" "writeLines" "writeLinesUTF8" "of1" "writeBlock" "writeContent" "writeSection" "Rd2HTML" "<Anonymous>" "<Anonymous>" 
"close.connection" "close" "Rd2HTML" "<Anonymous>" "<Anonymous>" 
"structure" ".POSIXct" "file.info" "find.package" "index.search" "help" "<Anonymous>" 
"readRDS" "FUN" "lapply" "find.package" "index.search" "help" "<Anonymous>" 
"ls" "loadedNamespaces" "match" "%in%" "find.package" "index.search" "help" "<Anonymous>" 
"file.exists" "find.package" "index.search" "help" "<Anonymous>" 
"list.files" "find.package" "index.search" "help" "<Anonymous>" 
"file.exists" "FUN" "lapply" "find.package" "index.search" "help" "<Anonymous>" 
"list.files" "find.package" "index.search" "help" "<Anonymous>" 
"readRDS" "index.search" "help" "<Anonymous>" 
"file" "Rd2HTML" "<Anonymous>" "<Anonymous>" 
"paste" "structure" "editblock" "rewriteBlocks" "transformMethod" "writeContent" "writeSection" "Rd2HTML" "<Anonymous>" "<Anonymous>" 
"fsub" "htmlify" "isBlankLineRd" "addParaBreaks" "writeLines" "writeLinesUTF8" "of1" "writeBlock" "writeContent" "writeSection" "Rd2HTML" "<Anonymous>" "<Anonymous>" 
"file.exists" "find.package" "index.search" "help" "<Anonymous>" 
"loadedNamespaces" "match" "%in%" "find.package" "index.search" "help" "<Anonymous>" 
"$" "FUN" "lapply" "find.package" "index.search" "help" "<Anonymous>" 
"ls" "loadedNamespaces" "match" "%in%" "find.package" "index.search" "help" "<Anonymous>" 
"list.files" "find.package" "index.search" "help" "<Anonymous>" 
"readRDS" "index.search" "help" "<Anonymous>" 
"readRDS" "index.search" "help" "<Anonymous>" 
"psub" "htmlify" "isBlankLineRd" "addParaBreaks" "writeLines" "writeLinesUTF8" "of1" "writeBlock" "writeContent" "writeContent" "writeSection" "Rd2HTML" "<Anonymous>" "<Anonymous>" 
"file" "readLines" "paste" "<Anonymous>" "<Anonymous>" 
"list.files" "find.package" "index.search" "help" "<Anonymous>" 
"file.exists" "FUN" "lapply" "find.package" "index.search" "help" "<Anonymous>" 
"file.path" "file.exists" "find.package" "index.search" "help" "<Anonymous>" 
"ls" "loadedNamespaces" "match" "%in%" "find.package" "index.search" "help" "<Anonymous>" 
"file.exists" "find.package" "index.search" "help" "<Anonymous>" 
"list.files" "find.package" "index.search" "help" "<Anonymous>" 
"doTryCatch" "tryCatchOne" "tryCatchList" "tryCatch" "ls" "loadedNamespaces" "match" "%in%" "find.package" "index.search" "help" "<Anonymous>" 
"readRDS" "index.search" "help" "<Anonymous>" 
"file.exists" "index.search" "help" "<Anonymous>" 
"grep" "isBlankRd" "writeContent" "writeSection" "Rd2HTML" "<Anonymous>" "<Anonymous>" 
"gzfile" "readRDS" "FUN" "lapply" "find.package" "index.search" "help" "<Anonymous>" 
"match" "%in%" "structure" ".POSIXct" "file.info" "find.package" "index.search" "help" "<Anonymous>" 
"list.files" "find.package" "index.search" "help" "<Anonymous>" 
"grepl" "find.package" "index.search" "help" "<Anonymous>" 
"list.files" "find.package" "index.search" "help" "<Anonymous>" 
"file.exists" "index.search" "help" "<Anonymous>" 
"file.exists" "index.search" "help" "<Anonymous>" 
"fsub" "htmlify" "isBlankLineRd" "addParaBreaks" "writeLines" "writeLinesUTF8" "of1" "writeBlock" "writeContent" "writeHref" "writeLink" "writeBlock" "writeContent" "writeWrapped" "writeBlock" "writeContent" "writeSection" "Rd2HTML" "<Anonymous>" "<Anonymous>" 
"grep" "isBlankRd" "writeWrapped" "writeBlock" "writeContent" "writeContent" "writeSection" "Rd2HTML" "<Anonymous>" "<Anonymous>" 
"paste0" "writeLines" "writeLinesUTF8" "of0" "writeWrapped" "writeBlock" "writeContent" "writeSection" "Rd2HTML" "<Anonymous>" "<Anonymous>" 
"grepl" "get_link" "writeLink" "writeBlock" "writeContent" "writeWrapped" "writeBlock" "writeContent" "writeSection" "Rd2HTML" "<Anonymous>" "<Anonymous>" 
"ls" "loadedNamespaces" "match" "%in%" "find.package" "index.search" "help" "<Anonymous>" 
"ls" "loadedNamespaces" "match" "%in%" "find.package" "index.search" "help" "<Anonymous>" 
"list.files" "find.package" "index.search" "help" "<Anonymous>" 
"apply" "find.package" "index.search" "help" "<Anonymous>" 
"readRDS" "FUN" "lapply" "find.package" "index.search" "help" "<Anonymous>" 
"file.info" "find.package" "index.search" "help" "<Anonymous>" 
"gzfile" "readRDS" "index.search" "help" "<Anonymous>" 
"readRDS" "<Anonymous>" "<Anonymous>" 
"ifelse" "urlify" "paste0" "writeLink" "writeBlock" "writeContent" "writeWrapped" "writeBlock" "writeContent" "writeContent" "writeSection" "Rd2HTML" "<Anonymous>" "<Anonymous>" 
"grep" "isBlankLineRd" "addParaBreaks" "writeLines" "writeLinesUTF8" "of1" "writeBlock" "writeContent" "writeSection" "Rd2HTML" "<Anonymous>" "<Anonymous>" 
".standard_regexps" "find.package" "index.search" "help" "<Anonymous>" 
"list.files" "find.package" "index.search" "help" "<Anonymous>" 
"paste0" "list.files" "find.package" "index.search" "help" "<Anonymous>" 
"structure" ".POSIXct" "file.info" "find.package" "index.search" "help" "<Anonymous>" 
"tryCatchOne" "tryCatchList" "tryCatch" "ls" "loadedNamespaces" "match" "%in%" "find.package" "index.search" "help" "<Anonymous>" 
"readRDS" "index.search" "help" "<Anonymous>" 
"readRDS" "index.search" "help" "<Anonymous>" 
"readRDS" "index.search" "help" "<Anonymous>" 
"Rd2txt_options" ".Rd_get_text" ".Rd_get_title" "gsub" ".Rd_format_title" "strwrap" "Rd2HTML" "<Anonymous>" "<Anonymous>" 
"ls" "loadedNamespaces" "match" "%in%" "find.package" "index.search" "help" "<Anonymous>" 
"gzfile" "readRDS" "FUN" "lapply" "find.package" "index.search" "help" "<Anonymous>" 
"list.files" "find.package" "index.search" "help" "<Anonymous>" 
"file.exists" "find.package" "index.search" "help" "<Anonymous>" 
"readRDS" "index.search" "help" "<Anonymous>" 
"gzfile" "readRDS" "index.search" "help" "<Anonymous>" 
"options" "getOption" "Rd2txt" "tryCatchList" "tryCatch" ".Rd_get_text" ".Rd_get_title" "gsub" ".Rd_format_title" "strwrap" "Rd2HTML" "<Anonymous>" "<Anonymous>" 
"psub" "addParaBreaks" "writeLines" "writeLinesUTF8" "of1" "writeBlock" "writeContent" "writeContent" "writeSection" "Rd2HTML" "<Anonymous>" "<Anonymous>" 
"grep" "isBlankLineRd" "addParaBreaks" "writeLines" "writeLinesUTF8" "of1" "writeBlock" "writeContent" "writeSection" "Rd2HTML" "<Anonymous>" "<Anonymous>" 
"psub" "htmlify" "isBlankLineRd" "addParaBreaks" "writeLines" "writeLinesUTF8" "of1" "writeBlock" "writeContent" "writeContent" "writeSection" "Rd2HTML" "<Anonymous>" "<Anonymous>" 
"grepl" "find.package" "index.search" "help" "<Anonymous>" 
"gzfile" "readRDS" "FUN" "lapply" "find.package" "index.search" "help" "<Anonymous>" 
"match" "%in%" "structure" ".POSIXct" "file.info" "find.package" "index.search" "help" "<Anonymous>" 
"ls" "loadedNamespaces" "match" "%in%" "find.package" "index.search" "help" "<Anonymous>" 
"ls" "loadedNamespaces" "match" "%in%" "find.package" "index.search" "help" "<Anonymous>" 
"readRDS" "index.search" "help" "<Anonymous>" 
"gzfile" "readRDS" "index.search" "help" "<Anonymous>" 
"grep" "isBlankLineRd" "addParaBreaks" "writeLines" "writeLinesUTF8" "of1" "writeBlock" "writeContent" "writeSection" "Rd2HTML" "<Anonymous>" "<Anonymous>" 
"unique" "simplify2array" "sapply" "RdTags" "writeContent" "writeContent" "writeSection" "Rd2HTML" "<Anonymous>" "<Anonymous>" 
"writeBlock" "writeContent" "writeSection" "Rd2HTML" "<Anonymous>" "<Anonymous>" 
"file.exists" "FUN" "lapply" "find.package" "index.search" "help" "<Anonymous>" 
"match" "%in%" "structure" ".POSIXct" "file.info" "find.package" "index.search" "help" "<Anonymous>" 
"find.package" "index.search" "help" "<Anonymous>" 
"ls" "loadedNamespaces" "match" "%in%" "find.package" "index.search" "help" "<Anonymous>" 
"gzfile" "readRDS" "index.search" "help" "<Anonymous>" 
"readRDS" "<Anonymous>" "<Anonymous>" 
"simplify2array" "sapply" "RdTags" "writeContent" "Rd2HTML" "<Anonymous>" "<Anonymous>" 
"[" "isBlankLineRd" "addParaBreaks" "writeLines" "writeLinesUTF8" "of1" "writeBlock" "writeContent" "writeContent" "writeSection" "Rd2HTML" "<Anonymous>" "<Anonymous>" 
"writeLines" "writeLinesUTF8" "of0" "writeWrapped" "writeBlock" "writeContent" "writeSection" "Rd2HTML" "<Anonymous>" "<Anonymous>" 
"paste0" "writeLines" "writeLinesUTF8" "of0" "writeSection" "Rd2HTML" "<Anonymous>" "<Anonymous>" 
"gzfile" "readRDS" "FUN" "lapply" "find.package" "index.search" "help" "<Anonymous>" 
"gzfile" "readRDS" "FUN" "lapply" "find.package" "index.search" "help" "<Anonymous>" 
"$.data.frame" "$" "find.package" "index.search" "help" "<Anonymous>" 
"close" "readRDS" "FUN" "lapply" "find.package" "index.search" "help" "<Anonymous>" 
"list.files" "find.package" "index.search" "help" "<Anonymous>" 
"readRDS" "index.search" "help" "<Anonymous>" 
"readRDS" "index.search" "help" "<Anonymous>" 
"readRDS" "<Anonymous>" "<Anonymous>" 
"file" "Rd2HTML" "<Anonymous>" "<Anonymous>" 
"file" "Rd2HTML" "<Anonymous>" "<Anonymous>" 
"FUN" "lapply" "strwrap" "flushBuffer" "blankLine" "Rd2txt" "tryCatchList" "tryCatch" ".Rd_get_text" ".Rd_get_title" "gsub" ".Rd_format_title" "strwrap" "Rd2HTML" "<Anonymous>" "<Anonymous>" 
"grep" "isBlankRd" "writeContent" "writeSection" "Rd2HTML" "<Anonymous>" "<Anonymous>" 
"close.connection" "close" "Rd2HTML" "<Anonymous>" "<Anonymous>" 
"close.connection" "close" "Rd2HTML" "<Anonymous>" "<Anonymous>" 
"close.connection" "close" "Rd2HTML" "<Anonymous>" "<Anonymous>" 
"gzfile" "readRDS" "FUN" "lapply" "find.package" "index.search" "help" "<Anonymous>" 
"unique" "find.package" "index.search" "help" "<Anonymous>" 
"file.exists" "find.package" "index.search" "help" "<Anonymous>" 
"file.info" "find.package" "index.search" "help" "<Anonymous>" 
"list.files" "find.package" "index.search" "help" "<Anonymous>" 
"gzfile" "readRDS" "FUN" "lapply" "find.package" "index.search" "help" "<Anonymous>" 
"readRDS" "index.search" "help" "<Anonymous>" 
"gzfile" "readRDS" "<Anonymous>" "<Anonymous>" 
"lazyLoadDBfetch" "fetch" "fun" "lazyLoadDBexec" "<Anonymous>" "<Anonymous>" "prepare_Rd" "Rd2HTML" "<Anonymous>" "<Anonymous>" 
"psub" "htmlify" "isBlankLineRd" "addParaBreaks" "writeLines" "writeLinesUTF8" "of1" "writeBlock" "writeContent" "writeSection" "Rd2HTML" "<Anonymous>" "<Anonymous>" 
"writeLines" "writeLinesUTF8" "of0" "writeWrapped" "writeBlock" "writeContent" "writeSection" "Rd2HTML" "<Anonymous>" "<Anonymous>" 
"file.info" "find.package" "index.search" "help" "<Anonymous>" 
"c" "structure" ".POSIXct" "file.info" "find.package" "index.search" "help" "<Anonymous>" 
"file.info" "find.package" "index.search" "help" "<Anonymous>" 
"options" "getOption" "gzfile" "readRDS" "FUN" "lapply" "find.package" "index.search" "help" "<Anonymous>" 
"readRDS" "FUN" "lapply" "find.package" "index.search" "help" "<Anonymous>" 
"gzfile" "readRDS" "index.search" "help" "<Anonymous>" 
"readRDS" "index.search" "help" "<Anonymous>" 
"readRDS" "index.search" "help" "<Anonymous>" 
"psub" "htmlify" "isBlankLineRd" "addParaBreaks" "writeLines" "writeLinesUTF8" "of1" "writeBlock" "writeContent" "writeSection" "Rd2HTML" "<Anonymous>" "<Anonymous>" 
"grepl" "addParaBreaks" "writeLines" "writeLinesUTF8" "of1" "writeBlock" "writeContent" "writeSection" "Rd2HTML" "<Anonymous>" "<Anonymous>" 
"ls" "loadedNamespaces" "match" "%in%" "find.package" "index.search" "help" "<Anonymous>" 
"list.files" "find.package" "index.search" "help" "<Anonymous>" 
"file.exists" "FUN" "lapply" "find.package" "index.search" "help" "<Anonymous>" 
"close" "readRDS" "FUN" "lapply" "find.package" "index.search" "help" "<Anonymous>" 
"gzfile" "readRDS" "FUN" "lapply" "find.package" "index.search" "help" "<Anonymous>" 
"readRDS" "index.search" "help" "<Anonymous>" 
"readRDS" "<Anonymous>" "<Anonymous>" 
"writeLinesUTF8" "of1" "writeBlock" "writeContent" "writeSection" "Rd2HTML" "<Anonymous>" "<Anonymous>" 
"psub" "htmlify" "isBlankLineRd" "addParaBreaks" "writeLines" "writeLinesUTF8" "of1" "writeBlock" "writeContent" "writeContent" "writeBlock" "writeContent" "writeSection" "Rd2HTML" "<Anonymous>" "<Anonymous>" 
"grep" "isBlankRd" "writeWrapped" "writeBlock" "writeContent" "writeSection" "Rd2HTML" "<Anonymous>" "<Anonymous>" 
"psub" "htmlify" "isBlankLineRd" "addParaBreaks" "writeLines" "writeLinesUTF8" "of1" "writeBlock" "writeContent" "writeSection" "Rd2HTML" "<Anonymous>" "<Anonymous>" 
"psub" "htmlify" "isBlankLineRd" "addParaBreaks" "writeLines" "writeLinesUTF8" "of1" "writeBlock" "writeContent" "writeSection" "Rd2HTML" "<Anonymous>" "<Anonymous>" 
"psub" "addParaBreaks" "writeLines" "writeLinesUTF8" "of1" "writeBlock" "writeContent" "writeSection" "Rd2HTML" "<Anonymous>" "<Anonymous>" 
"psub" "htmlify" "isBlankLineRd" "addParaBreaks" "writeLines" "writeLinesUTF8" "of1" "writeBlock" "writeContent" "writeSection" "Rd2HTML" "<Anonymous>" "<Anonymous>" 
"list.files" "find.package" "index.search" "help" "<Anonymous>" 
"readRDS" "FUN" "lapply" "find.package" "index.search" "help" "<Anonymous>" 
"list.files" "find.package" "index.search" "help" "<Anonymous>" 
"file.exists" "find.package" "index.search" "help" "<Anonymous>" 
"file.info" "find.package" "index.search" "help" "<Anonymous>" 
"list.files" "find.package" "index.search" "help" "<Anonymous>" 
"close.connection" "close" "readRDS" "index.search" "help" "<Anonymous>" 
"file.exists" "<Anonymous>" "prepare_Rd" "Rd2HTML" "<Anonymous>" "<Anonymous>" 
"[" "addParaBreaks" "writeLines" "writeLinesUTF8" "of1" "writeBlock" "writeContent" "writeContent" "writeSection" "Rd2HTML" "<Anonymous>" "<Anonymous>" 
"grepl" "addParaBreaks" "writeLines" "writeLinesUTF8" "of1" "writeBlock" "writeContent" "writeBlock" "writeContent" "writeSection" "Rd2HTML" "<Anonymous>" "<Anonymous>" 
"grep" "isBlankRd" "writeWrapped" "writeBlock" "writeContent" "writeSection" "Rd2HTML" "<Anonymous>" "<Anonymous>" 
"grep" "isBlankRd" "writeWrapped" "writeBlock" "writeContent" "writeSection" "Rd2HTML" "<Anonymous>" "<Anonymous>" 
"psub" "htmlify" "isBlankLineRd" "addParaBreaks" "writeLines" "writeLinesUTF8" "of1" "writeBlock" "writeContent" "writeSection" "Rd2HTML" "<Anonymous>" "<Anonymous>" 
"match" "%in%" "writeBlock" "writeContent" "writeHref" "writeLink" "writeBlock" "writeContent" "writeWrapped" "writeBlock" "writeContent" "writeSection" "Rd2HTML" "<Anonymous>" "<Anonymous>" 
"ls" "loadedNamespaces" "match" "%in%" "find.package" "index.search" "help" "<Anonymous>" 
"find.package" "index.search" "help" "<Anonymous>" 
"close.connection" "close" "readRDS" "FUN" "lapply" "find.package" "index.search" "help" "<Anonymous>" 
"file.exists" "FUN" "lapply" "find.package" "index.search" "help" "<Anonymous>" 
"gzfile" "readRDS" "index.search" "help" "<Anonymous>" 
"readRDS" "<Anonymous>" "<Anonymous>" 
"paste0" "writeLines" "writeLinesUTF8" "of0" "enterPara" "writeWrapped" "writeBlock" "writeContent" "writeSection" "Rd2HTML" "<Anonymous>" "<Anonymous>" 
"regexpr" "withCallingHandlers" "suppressWarnings" "<Anonymous>" 
"list.files" "find.package" "index.search" "help" "<Anonymous>" 
"apply" "find.package" "index.search" "help" "<Anonymous>" 
"list.files" "find.package" "index.search" "help" "<Anonymous>" 
"grepl" "find.package" "index.search" "help" "<Anonymous>" 
"readRDS" "FUN" "lapply" "find.package" "index.search" "help" "<Anonymous>" 
"ls" "loadedNamespaces" "match" "%in%" "find.package" "index.search" "help" "<Anonymous>" 
"close.connection" "close" "readRDS" "index.search" "help" "<Anonymous>" 
"gzfile" "readRDS" "index.search" "help" "<Anonymous>" 
"psub" "htmlify" "isBlankLineRd" "addParaBreaks" "writeContent" "writeBlock" "writeContent" "writeContent" "writeSection" "Rd2HTML" "<Anonymous>" "<Anonymous>" 
"psub" "htmlify" "isBlankLineRd" "addParaBreaks" "writeLines" "writeLinesUTF8" "of1" "writeBlock" "writeContent" "writeSection" "Rd2HTML" "<Anonymous>" "<Anonymous>" 
"lazyLoadDBfetch" "get" "doTryCatch" "tryCatchOne" "tryCatchList" "tryCatch" "<Anonymous>" 
"file.exists" "find.package" "index.search" "help" "<Anonymous>" 
"file.info" "find.package" "index.search" "help" "<Anonymous>" 
"close.connection" "close" "readRDS" "FUN" "lapply" "find.package" "index.search" "help" "<Anonymous>" 
"file.exists" "find.package" "index.search" "help" "<Anonymous>" 
"gzfile" "readRDS" "FUN" "lapply" "find.package" "index.search" "help" "<Anonymous>" 
"list.files" "find.package" "index.search" "help" "<Anonymous>" 
"gzfile" "readRDS" "index.search" "help" "<Anonymous>" 
"htmlify" "writeLines" "writeLinesUTF8" "of1" "Rd2HTML" "<Anonymous>" "<Anonymous>" 
"addParaBreaks" "writeLines" "writeLinesUTF8" "of1" "writeBlock" "writeContent" "writeContent" "writeSection" "Rd2HTML" "<Anonymous>" "<Anonymous>" 
"attr" "isBlankLineRd" "addParaBreaks" "writeLines" "writeLinesUTF8" "of1" "writeBlock" "writeContent" "writeSection" "Rd2HTML" "<Anonymous>" "<Anonymous>" 
"close.connection" "close" "readRDS" "FUN" "lapply" "find.package" "index.search" "help" "<Anonymous>" 
"list.files" "find.package" "index.search" "help" "<Anonymous>" 
"ls" "loadedNamespaces" "match" "%in%" "find.package" "index.search" "help" "<Anonymous>" 
"close" "readRDS" "FUN" "lapply" "find.package" "index.search" "help" "<Anonymous>" 
"gzfile" "readRDS" "FUN" "lapply" "find.package" "index.search" "help" "<Anonymous>" 
"close.connection" "close" "readRDS" "index.search" "help" "<Anonymous>" 
"gzfile" "readRDS" "lazyLoadDBexec" "<Anonymous>" "<Anonymous>" "prepare_Rd" "Rd2HTML" "<Anonymous>" "<Anonymous>" 
"psub" "htmlify" "isBlankLineRd" "addParaBreaks" "writeLines" "writeLinesUTF8" "of1" "writeBlock" "writeContent" "writeContent" "writeSection" "Rd2HTML" "<Anonymous>" "<Anonymous>" 
"psub" "addParaBreaks" "writeLines" "writeLinesUTF8" "of1" "writeBlock" "writeContent" "writeSection" "Rd2HTML" "<Anonymous>" "<Anonymous>" 
"readRDS" "FUN" "lapply" "find.package" "index.search" "help" "<Anonymous>" 
"list.files" "find.package" "index.search" "help" "<Anonymous>" 
"ls" "loadedNamespaces" "match" "%in%" "find.package" "index.search" "help" "<Anonymous>" 
"list.files" "find.package" "index.search" "help" "<Anonymous>" 
"file.exists" "index.search" "help" "<Anonymous>" 
"readRDS" "index.search" "help" "<Anonymous>" 
"gzfile" "readRDS" "index.search" "help" "<Anonymous>" 
"of1" "writeSection" "Rd2HTML" "<Anonymous>" "<Anonymous>" 
"psub" "htmlify" "isBlankLineRd" "addParaBreaks" "writeLines" "writeLinesUTF8" "of1" "writeBlock" "writeContent" "writeSection" "Rd2HTML" "<Anonymous>" "<Anonymous>" 
"close.connection" "close" "readRDS" "FUN" "lapply" "find.package" "index.search" "help" "<Anonymous>" 
"close.connection" "close" "readRDS" "FUN" "lapply" "find.package" "index.search" "help" "<Anonymous>" 
"ls" "loadedNamespaces" "match" "%in%" "find.package" "index.search" "help" "<Anonymous>" 
"file.exists" "find.package" "index.search" "help" "<Anonymous>" 
"list.files" "find.package" "index.search" "help" "<Anonymous>" 
"readRDS" "index.search" "help" "<Anonymous>" 
"gzfile" "readRDS" "index.search" "help" "<Anonymous>" 
"grep" "isBlankRd" "writeContent" "writeSection" "Rd2HTML" "<Anonymous>" "<Anonymous>" 
"psub" "htmlify" "isBlankLineRd" "addParaBreaks" "writeLines" "writeLinesUTF8" "of1" "writeBlock" "writeContent" "writeSection" "Rd2HTML" "<Anonymous>" "<Anonymous>" 
"psub" "htmlify" "isBlankLineRd" "addParaBreaks" "writeLines" "writeLinesUTF8" "of1" "writeBlock" "writeContent" "writeSection" "Rd2HTML" "<Anonymous>" "<Anonymous>" 
"close.connection" "close" "Rd2HTML" "<Anonymous>" "<Anonymous>" 
"list.files" "find.package" "index.search" "help" "<Anonymous>" 
"gzfile" "readRDS" "FUN" "lapply" "find.package" "index.search" "help" "<Anonymous>" 
"list.files" "find.package" "index.search" "help" "<Anonymous>" 
"ls" "loadedNamespaces" "match" "%in%" "find.package" "index.search" "help" "<Anonymous>" 
"ls" "loadedNamespaces" "match" "%in%" "find.package" "index.search" "help" "<Anonymous>" 
"gzfile" "readRDS" "FUN" "lapply" "find.package" "index.search" "help" "<Anonymous>" 
"close.connection" "close" "readRDS" "index.search" "help" "<Anonymous>" 
"gzfile" "readRDS" "index.search" "help" "<Anonymous>" 
"set" "lazyLoadDBexec" "<Anonymous>" "<Anonymous>" "prepare_Rd" "Rd2HTML" "<Anonymous>" "<Anonymous>" 
"psub" "htmlify" "isBlankLineRd" "addParaBreaks" "writeLines" "writeLinesUTF8" "of1" "writeBlock" "writeContent" "writeSection" "Rd2HTML" "<Anonymous>" "<Anonymous>" 
"grep" "isBlankLineRd" "addParaBreaks" "writeLines" "writeLinesUTF8" "of1" "writeBlock" "writeContent" "writeSection" "Rd2HTML" "<Anonymous>" "<Anonymous>" 
"psub" "htmlify" "isBlankLineRd" "addParaBreaks" "writeLines" "writeLinesUTF8" "of1" "writeBlock" "writeContent" "writeSection" "Rd2HTML" "<Anonymous>" "<Anonymous>" 
"isNamespace" "asNamespace" "getNamespaceInfo" "find.package" "index.search" "help" "<Anonymous>" 
"getOption" "gzfile" "readRDS" "FUN" "lapply" "find.package" "index.search" "help" "<Anonymous>" 
"gzfile" "readRDS" "FUN" "lapply" "find.package" "index.search" "help" "<Anonymous>" 
"ls" "loadedNamespaces" "match" "%in%" "find.package" "index.search" "help" "<Anonymous>" 
"ls" "loadedNamespaces" "match" "%in%" "find.package" "index.search" "help" "<Anonymous>" 
"close.connection" "close" "readRDS" "index.search" "help" "<Anonymous>" 
"readRDS" "index.search" "help" "<Anonymous>" 
"paste0" "writeLines" "writeLinesUTF8" "of0" "writeWrapped" "writeBlock" "writeContent" "writeSection" "Rd2HTML" "<Anonymous>" "<Anonymous>" 
"grep" "isBlankLineRd" "addParaBreaks" "writeLines" "writeLinesUTF8" "of1" "writeBlock" "writeContent" "writeSection" "Rd2HTML" "<Anonymous>" "<Anonymous>" 
"psub" "addParaBreaks" "writeLines" "writeLinesUTF8" "of1" "writeBlock" "writeContent" "writeSection" "Rd2HTML" "<Anonymous>" "<Anonymous>" 
"psub" "htmlify" "isBlankLineRd" "addParaBreaks" "writeLines" "writeLinesUTF8" "of1" "writeBlock" "writeContent" "writeSection" "Rd2HTML" "<Anonymous>" "<Anonymous>" 
"ls" "loadedNamespaces" "match" "%in%" "find.package" "index.search" "help" "<Anonymous>" 
"unique" "find.package" "index.search" "help" "<Anonymous>" 
"file.exists" "find.package" "index.search" "help" "<Anonymous>" 
"ls" "loadedNamespaces" "match" "%in%" "find.package" "index.search" "help" "<Anonymous>" 
"close.connection" "close" "readRDS" "index.search" "help" "<Anonymous>" 
"sub" "<Anonymous>" "<Anonymous>" 
"grep" "isBlankRd" "writeWrapped" "writeBlock" "writeContent" "writeContent" "writeSection" "Rd2HTML" "<Anonymous>" "<Anonymous>" 
"lapply" "sapply" "RdTags" "writeSection" "Rd2HTML" "<Anonymous>" "<Anonymous>" 
"fsub" "htmlify" "isBlankLineRd" "addParaBreaks" "writeLines" "writeLinesUTF8" "of1" "writeBlock" "writeContent" "writeSection" "Rd2HTML" "<Anonymous>" "<Anonymous>" 
"grep" "isBlankLineRd" "addParaBreaks" "writeLines" "writeLinesUTF8" "of1" "writeBlock" "writeContent" "writeSection" "Rd2HTML" "<Anonymous>" "<Anonymous>" 
"close.connection" "close" "Rd2HTML" "<Anonymous>" "<Anonymous>" 
"list.files" "find.package" "index.search" "help" "<Anonymous>" 
"gzfile" "readRDS" "FUN" "lapply" "find.package" "index.search" "help" "<Anonymous>" 
"ls" "loadedNamespaces" "match" "%in%" "find.package" "index.search" "help" "<Anonymous>" 
"file.exists" "find.package" "index.search" "help" "<Anonymous>" 
"doTryCatch" "tryCatchOne" "tryCatchList" "tryCatch" "ls" "loadedNamespaces" "match" "%in%" "find.package" "index.search" "help" "<Anonymous>" 
"ls" "loadedNamespaces" "match" "%in%" "find.package" "index.search" "help" "<Anonymous>" 
"gzfile" "readRDS" "index.search" "help" "<Anonymous>" 
"gzfile" "readRDS" "<Anonymous>" "<Anonymous>" 
"close.connection" "close" "Rd2HTML" "<Anonymous>" "<Anonymous>" 
"grepl" "find.package" "index.search" "help" "<Anonymous>" 
"list.files" "find.package" "index.search" "help" "<Anonymous>" 
"list.files" "find.package" "index.search" "help" "<Anonymous>" 
"close.connection" "close" "readRDS" "FUN" "lapply" "find.package" "index.search" "help" "<Anonymous>" 
"list.files" "find.package" "index.search" "help" "<Anonymous>" 
"close.connection" "close" "readRDS" "index.search" "help" "<Anonymous>" 
"psub" "htmlify" "isBlankLineRd" "addParaBreaks" "writeLines" "writeLinesUTF8" "of1" "writeBlock" "writeContent" "writeSection" "Rd2HTML" "<Anonymous>" "<Anonymous>" 
"psub" "htmlify" "isBlankLineRd" "addParaBreaks" "writeLines" "writeLinesUTF8" "of1" "writeBlock" "writeContent" "writeSection" "Rd2HTML" "<Anonymous>" "<Anonymous>" 
"grepl" "addParaBreaks" "writeLines" "writeLinesUTF8" "of1" "writeBlock" "writeContent" "writeSection" "Rd2HTML" "<Anonymous>" "<Anonymous>" 
"psub" "htmlify" "isBlankLineRd" "addParaBreaks" "writeLines" "writeLinesUTF8" "of1" "writeBlock" "writeContent" "writeHref" "writeLink" "writeBlock" "writeContent" "writeWrapped" "writeBlock" "writeContent" "writeSection" "Rd2HTML" "<Anonymous>" "<Anonymous>" 
"psub" "htmlify" "isBlankLineRd" "addParaBreaks" "writeLines" "writeLinesUTF8" "of1" "writeBlock" "writeContent" "writeSection" "Rd2HTML" "<Anonymous>" "<Anonymous>" 
"lazyLoadDBfetch" "get" "doTryCatch" "tryCatchOne" "tryCatchList" "tryCatch" "<Anonymous>" 
"is.factor" "unique.default" "FUN" "lapply" "summaryRprof" 
"print.default" "print" "print.data.frame" "print" 
"file.exists" "find.package" "index.search" "help" "<Anonymous>" 
"gzfile" "readRDS" "FUN" "lapply" "find.package" "index.search" "help" "<Anonymous>" 
"gzfile" "readRDS" "FUN" "lapply" "find.package" "index.search" "help" "<Anonymous>" 
"ls" "loadedNamespaces" "match" "%in%" "find.package" "index.search" "help" "<Anonymous>" 
"close.connection" "close" "readRDS" "FUN" "lapply" "find.package" "index.search" "help" "<Anonymous>" 
"readRDS" "index.search" "help" "<Anonymous>" 
"options" "getOption" "gzfile" "readRDS" "index.search" "help" "<Anonymous>" 
"getFromFrame" "<Anonymous>" "lazyLoadDBfetch" "fetch" "fun" "lazyLoadDBexec" "<Anonymous>" "<Anonymous>" "prepare_Rd" "Rd2HTML" "<Anonymous>" "doTryCatch" "tryCatchOne" "tryCatchList" "tryCatch" "try" 
"grepl" "addParaBreaks" "writeLines" "writeLinesUTF8" "of1" "writeBlock" "writeContent" "writeSection" "Rd2HTML" "<Anonymous>" "doTryCatch" "tryCatchOne" "tryCatchList" "tryCatch" "try" 
"psub" "htmlify" "isBlankLineRd" "addParaBreaks" "writeLines" "writeLinesUTF8" "of1" "writeBlock" "writeContent" "writeSection" "Rd2HTML" "<Anonymous>" "doTryCatch" "tryCatchOne" "tryCatchList" "tryCatch" "try" 
"psub" "htmlify" "isBlankLineRd" "addParaBreaks" "writeLines" "writeLinesUTF8" "of1" "writeBlock" "writeContent" "writeSection" "Rd2HTML" "<Anonymous>" "doTryCatch" "tryCatchOne" "tryCatchList" "tryCatch" "try" 
"match.fun" "lapply" "unlist" "unique" "simplify2array" "sapply" "RdTags" ".Rd_get_section" ".Rd_get_title" "gsub" ".Rd_format_title" "strwrap" "Rd2HTML" "<Anonymous>" "doTryCatch" "tryCatchOne" "tryCatchList" "tryCatch" "try" 
"psub" "htmlify" "isBlankLineRd" "addParaBreaks" "writeLines" "writeLinesUTF8" "of1" "writeBlock" "writeContent" "writeSection" "Rd2HTML" "<Anonymous>" "doTryCatch" "tryCatchOne" "tryCatchList" "tryCatch" "try" 
"[[" "writeSection" "Rd2HTML" "<Anonymous>" "doTryCatch" "tryCatchOne" "tryCatchList" "tryCatch" "try" 
